<?xml version="1.0" encoding="UTF-8"?>
<robot generator="Robot 7.0 (Python 3.12.2 on win32)" generated="2024-04-03T09:33:29.023384" rpa="false" schemaversion="5">
<suite id="s1" name="Statement Cond" source="C:\Vs_code\Aakib-20240401T085603Z-001\Aakib\For_loop_test\statement_cond.robot">
<test id="s1-t1" name="simple if" line="2">
<kw name="Evaluate" owner="BuiltIn">
<msg time="2024-04-03T09:33:29.050648" level="INFO">${random_number} = 9</msg>
<var>${random_number}</var>
<arg>random.randint(0, 10)</arg>
<doc>Evaluates the given expression in Python and returns the result.</doc>
<status status="PASS" start="2024-04-03T09:33:29.050648" elapsed="0.000000"/>
</kw>
<if>
<branch type="IF" condition="${random_number} % 2">
<kw name="Log To Console" owner="BuiltIn">
<arg>${random_number} is add..</arg>
<doc>Logs the given message to the console.</doc>
<status status="PASS" start="2024-04-03T09:33:29.050648" elapsed="0.000000"/>
</kw>
<status status="PASS" start="2024-04-03T09:33:29.050648" elapsed="0.000000"/>
</branch>
<status status="PASS" start="2024-04-03T09:33:29.050648" elapsed="0.000000"/>
</if>
<status status="PASS" start="2024-04-03T09:33:29.050648" elapsed="0.000000"/>
</test>
<test id="s1-t2" name="elseif_statement" line="8">
<for flavor="IN RANGE">
<iter>
<for flavor="IN RANGE">
<iter>
<if>
<branch type="IF" condition="$i &lt;= 3">
<kw name="Log To Console" owner="BuiltIn">
<arg>Low ${i}</arg>
<doc>Logs the given message to the console.</doc>
<status status="PASS" start="2024-04-03T09:33:29.055158" elapsed="0.000000"/>
</kw>
<status status="PASS" start="2024-04-03T09:33:29.055158" elapsed="0.000000"/>
</branch>
<branch type="ELSE IF" condition="$i &gt; 3 and $i &lt;7">
<kw name="Log To Console" owner="BuiltIn">
<arg>Medium ${i}</arg>
<doc>Logs the given message to the console.</doc>
<status status="NOT RUN" start="2024-04-03T09:33:29.055158" elapsed="0.000000"/>
</kw>
<status status="NOT RUN" start="2024-04-03T09:33:29.055158" elapsed="0.000000"/>
</branch>
<branch type="ELSE">
<kw name="Log To Console" owner="BuiltIn">
<arg>High ${i}</arg>
<doc>Logs the given message to the console.</doc>
<status status="NOT RUN" start="2024-04-03T09:33:29.055158" elapsed="0.000000"/>
</kw>
<status status="NOT RUN" start="2024-04-03T09:33:29.055158" elapsed="0.000000"/>
</branch>
<status status="PASS" start="2024-04-03T09:33:29.055158" elapsed="0.000000"/>
</if>
<var name="${i}">0</var>
<status status="PASS" start="2024-04-03T09:33:29.055158" elapsed="0.000000"/>
</iter>
<iter>
<if>
<branch type="IF" condition="$i &lt;= 3">
<kw name="Log To Console" owner="BuiltIn">
<arg>Low ${i}</arg>
<doc>Logs the given message to the console.</doc>
<status status="PASS" start="2024-04-03T09:33:29.055158" elapsed="0.000000"/>
</kw>
<status status="PASS" start="2024-04-03T09:33:29.055158" elapsed="0.000000"/>
</branch>
<branch type="ELSE IF" condition="$i &gt; 3 and $i &lt;7">
<kw name="Log To Console" owner="BuiltIn">
<arg>Medium ${i}</arg>
<doc>Logs the given message to the console.</doc>
<status status="NOT RUN" start="2024-04-03T09:33:29.055158" elapsed="0.000000"/>
</kw>
<status status="NOT RUN" start="2024-04-03T09:33:29.055158" elapsed="0.000000"/>
</branch>
<branch type="ELSE">
<kw name="Log To Console" owner="BuiltIn">
<arg>High ${i}</arg>
<doc>Logs the given message to the console.</doc>
<status status="NOT RUN" start="2024-04-03T09:33:29.055158" elapsed="0.000000"/>
</kw>
<status status="NOT RUN" start="2024-04-03T09:33:29.055158" elapsed="0.000000"/>
</branch>
<status status="PASS" start="2024-04-03T09:33:29.055158" elapsed="0.000000"/>
</if>
<var name="${i}">1</var>
<status status="PASS" start="2024-04-03T09:33:29.055158" elapsed="0.000000"/>
</iter>
<iter>
<if>
<branch type="IF" condition="$i &lt;= 3">
<kw name="Log To Console" owner="BuiltIn">
<arg>Low ${i}</arg>
<doc>Logs the given message to the console.</doc>
<status status="PASS" start="2024-04-03T09:33:29.055158" elapsed="0.000000"/>
</kw>
<status status="PASS" start="2024-04-03T09:33:29.055158" elapsed="0.000000"/>
</branch>
<branch type="ELSE IF" condition="$i &gt; 3 and $i &lt;7">
<kw name="Log To Console" owner="BuiltIn">
<arg>Medium ${i}</arg>
<doc>Logs the given message to the console.</doc>
<status status="NOT RUN" start="2024-04-03T09:33:29.055158" elapsed="0.000000"/>
</kw>
<status status="NOT RUN" start="2024-04-03T09:33:29.055158" elapsed="0.000000"/>
</branch>
<branch type="ELSE">
<kw name="Log To Console" owner="BuiltIn">
<arg>High ${i}</arg>
<doc>Logs the given message to the console.</doc>
<status status="NOT RUN" start="2024-04-03T09:33:29.055158" elapsed="0.000000"/>
</kw>
<status status="NOT RUN" start="2024-04-03T09:33:29.055158" elapsed="0.000000"/>
</branch>
<status status="PASS" start="2024-04-03T09:33:29.055158" elapsed="0.000000"/>
</if>
<var name="${i}">2</var>
<status status="PASS" start="2024-04-03T09:33:29.055158" elapsed="0.000000"/>
</iter>
<iter>
<if>
<branch type="IF" condition="$i &lt;= 3">
<kw name="Log To Console" owner="BuiltIn">
<arg>Low ${i}</arg>
<doc>Logs the given message to the console.</doc>
<status status="PASS" start="2024-04-03T09:33:29.055158" elapsed="0.000000"/>
</kw>
<status status="PASS" start="2024-04-03T09:33:29.055158" elapsed="0.000000"/>
</branch>
<branch type="ELSE IF" condition="$i &gt; 3 and $i &lt;7">
<kw name="Log To Console" owner="BuiltIn">
<arg>Medium ${i}</arg>
<doc>Logs the given message to the console.</doc>
<status status="NOT RUN" start="2024-04-03T09:33:29.061299" elapsed="0.000000"/>
</kw>
<status status="NOT RUN" start="2024-04-03T09:33:29.055158" elapsed="0.006141"/>
</branch>
<branch type="ELSE">
<kw name="Log To Console" owner="BuiltIn">
<arg>High ${i}</arg>
<doc>Logs the given message to the console.</doc>
<status status="NOT RUN" start="2024-04-03T09:33:29.061299" elapsed="0.000000"/>
</kw>
<status status="NOT RUN" start="2024-04-03T09:33:29.061299" elapsed="0.000000"/>
</branch>
<status status="PASS" start="2024-04-03T09:33:29.055158" elapsed="0.006141"/>
</if>
<var name="${i}">3</var>
<status status="PASS" start="2024-04-03T09:33:29.055158" elapsed="0.006141"/>
</iter>
<iter>
<if>
<branch type="IF" condition="$i &lt;= 3">
<kw name="Log To Console" owner="BuiltIn">
<arg>Low ${i}</arg>
<doc>Logs the given message to the console.</doc>
<status status="NOT RUN" start="2024-04-03T09:33:29.061299" elapsed="0.000000"/>
</kw>
<status status="NOT RUN" start="2024-04-03T09:33:29.061299" elapsed="0.000000"/>
</branch>
<branch type="ELSE IF" condition="$i &gt; 3 and $i &lt;7">
<kw name="Log To Console" owner="BuiltIn">
<arg>Medium ${i}</arg>
<doc>Logs the given message to the console.</doc>
<status status="PASS" start="2024-04-03T09:33:29.061299" elapsed="0.001186"/>
</kw>
<status status="PASS" start="2024-04-03T09:33:29.061299" elapsed="0.001785"/>
</branch>
<branch type="ELSE">
<kw name="Log To Console" owner="BuiltIn">
<arg>High ${i}</arg>
<doc>Logs the given message to the console.</doc>
<status status="NOT RUN" start="2024-04-03T09:33:29.063084" elapsed="0.000000"/>
</kw>
<status status="NOT RUN" start="2024-04-03T09:33:29.063084" elapsed="0.000000"/>
</branch>
<status status="PASS" start="2024-04-03T09:33:29.061299" elapsed="0.001785"/>
</if>
<var name="${i}">4</var>
<status status="PASS" start="2024-04-03T09:33:29.061299" elapsed="0.001785"/>
</iter>
<iter>
<if>
<branch type="IF" condition="$i &lt;= 3">
<kw name="Log To Console" owner="BuiltIn">
<arg>Low ${i}</arg>
<doc>Logs the given message to the console.</doc>
<status status="NOT RUN" start="2024-04-03T09:33:29.063084" elapsed="0.000000"/>
</kw>
<status status="NOT RUN" start="2024-04-03T09:33:29.063084" elapsed="0.000000"/>
</branch>
<branch type="ELSE IF" condition="$i &gt; 3 and $i &lt;7">
<kw name="Log To Console" owner="BuiltIn">
<arg>Medium ${i}</arg>
<doc>Logs the given message to the console.</doc>
<status status="PASS" start="2024-04-03T09:33:29.063084" elapsed="0.000000"/>
</kw>
<status status="PASS" start="2024-04-03T09:33:29.063084" elapsed="0.000000"/>
</branch>
<branch type="ELSE">
<kw name="Log To Console" owner="BuiltIn">
<arg>High ${i}</arg>
<doc>Logs the given message to the console.</doc>
<status status="NOT RUN" start="2024-04-03T09:33:29.063084" elapsed="0.000000"/>
</kw>
<status status="NOT RUN" start="2024-04-03T09:33:29.063084" elapsed="0.000000"/>
</branch>
<status status="PASS" start="2024-04-03T09:33:29.063084" elapsed="0.000000"/>
</if>
<var name="${i}">5</var>
<status status="PASS" start="2024-04-03T09:33:29.063084" elapsed="0.000000"/>
</iter>
<iter>
<if>
<branch type="IF" condition="$i &lt;= 3">
<kw name="Log To Console" owner="BuiltIn">
<arg>Low ${i}</arg>
<doc>Logs the given message to the console.</doc>
<status status="NOT RUN" start="2024-04-03T09:33:29.063084" elapsed="0.000000"/>
</kw>
<status status="NOT RUN" start="2024-04-03T09:33:29.063084" elapsed="0.000000"/>
</branch>
<branch type="ELSE IF" condition="$i &gt; 3 and $i &lt;7">
<kw name="Log To Console" owner="BuiltIn">
<arg>Medium ${i}</arg>
<doc>Logs the given message to the console.</doc>
<status status="PASS" start="2024-04-03T09:33:29.063084" elapsed="0.000000"/>
</kw>
<status status="PASS" start="2024-04-03T09:33:29.063084" elapsed="0.004454"/>
</branch>
<branch type="ELSE">
<kw name="Log To Console" owner="BuiltIn">
<arg>High ${i}</arg>
<doc>Logs the given message to the console.</doc>
<status status="NOT RUN" start="2024-04-03T09:33:29.067538" elapsed="0.000000"/>
</kw>
<status status="NOT RUN" start="2024-04-03T09:33:29.067538" elapsed="0.000000"/>
</branch>
<status status="PASS" start="2024-04-03T09:33:29.063084" elapsed="0.004454"/>
</if>
<var name="${i}">6</var>
<status status="PASS" start="2024-04-03T09:33:29.063084" elapsed="0.004454"/>
</iter>
<iter>
<if>
<branch type="IF" condition="$i &lt;= 3">
<kw name="Log To Console" owner="BuiltIn">
<arg>Low ${i}</arg>
<doc>Logs the given message to the console.</doc>
<status status="NOT RUN" start="2024-04-03T09:33:29.067538" elapsed="0.000000"/>
</kw>
<status status="NOT RUN" start="2024-04-03T09:33:29.067538" elapsed="0.000000"/>
</branch>
<branch type="ELSE IF" condition="$i &gt; 3 and $i &lt;7">
<kw name="Log To Console" owner="BuiltIn">
<arg>Medium ${i}</arg>
<doc>Logs the given message to the console.</doc>
<status status="NOT RUN" start="2024-04-03T09:33:29.067538" elapsed="0.000000"/>
</kw>
<status status="NOT RUN" start="2024-04-03T09:33:29.067538" elapsed="0.000000"/>
</branch>
<branch type="ELSE">
<kw name="Log To Console" owner="BuiltIn">
<arg>High ${i}</arg>
<doc>Logs the given message to the console.</doc>
<status status="PASS" start="2024-04-03T09:33:29.067538" elapsed="0.000000"/>
</kw>
<status status="PASS" start="2024-04-03T09:33:29.067538" elapsed="0.000000"/>
</branch>
<status status="PASS" start="2024-04-03T09:33:29.067538" elapsed="0.000000"/>
</if>
<var name="${i}">7</var>
<status status="PASS" start="2024-04-03T09:33:29.067538" elapsed="0.000000"/>
</iter>
<iter>
<if>
<branch type="IF" condition="$i &lt;= 3">
<kw name="Log To Console" owner="BuiltIn">
<arg>Low ${i}</arg>
<doc>Logs the given message to the console.</doc>
<status status="NOT RUN" start="2024-04-03T09:33:29.067538" elapsed="0.000000"/>
</kw>
<status status="NOT RUN" start="2024-04-03T09:33:29.067538" elapsed="0.000000"/>
</branch>
<branch type="ELSE IF" condition="$i &gt; 3 and $i &lt;7">
<kw name="Log To Console" owner="BuiltIn">
<arg>Medium ${i}</arg>
<doc>Logs the given message to the console.</doc>
<status status="NOT RUN" start="2024-04-03T09:33:29.075461" elapsed="0.000000"/>
</kw>
<status status="NOT RUN" start="2024-04-03T09:33:29.067538" elapsed="0.007923"/>
</branch>
<branch type="ELSE">
<kw name="Log To Console" owner="BuiltIn">
<arg>High ${i}</arg>
<doc>Logs the given message to the console.</doc>
<status status="PASS" start="2024-04-03T09:33:29.075461" elapsed="0.000000"/>
</kw>
<status status="PASS" start="2024-04-03T09:33:29.075461" elapsed="0.000000"/>
</branch>
<status status="PASS" start="2024-04-03T09:33:29.067538" elapsed="0.007923"/>
</if>
<var name="${i}">8</var>
<status status="PASS" start="2024-04-03T09:33:29.067538" elapsed="0.007923"/>
</iter>
<iter>
<if>
<branch type="IF" condition="$i &lt;= 3">
<kw name="Log To Console" owner="BuiltIn">
<arg>Low ${i}</arg>
<doc>Logs the given message to the console.</doc>
<status status="NOT RUN" start="2024-04-03T09:33:29.075461" elapsed="0.000000"/>
</kw>
<status status="NOT RUN" start="2024-04-03T09:33:29.075461" elapsed="0.000000"/>
</branch>
<branch type="ELSE IF" condition="$i &gt; 3 and $i &lt;7">
<kw name="Log To Console" owner="BuiltIn">
<arg>Medium ${i}</arg>
<doc>Logs the given message to the console.</doc>
<status status="NOT RUN" start="2024-04-03T09:33:29.075461" elapsed="0.000000"/>
</kw>
<status status="NOT RUN" start="2024-04-03T09:33:29.075461" elapsed="0.000000"/>
</branch>
<branch type="ELSE">
<kw name="Log To Console" owner="BuiltIn">
<arg>High ${i}</arg>
<doc>Logs the given message to the console.</doc>
<status status="PASS" start="2024-04-03T09:33:29.075461" elapsed="0.000000"/>
</kw>
<status status="PASS" start="2024-04-03T09:33:29.075461" elapsed="0.000000"/>
</branch>
<status status="PASS" start="2024-04-03T09:33:29.075461" elapsed="0.000000"/>
</if>
<var name="${i}">9</var>
<status status="PASS" start="2024-04-03T09:33:29.075461" elapsed="0.000000"/>
</iter>
<var>${i}</var>
<value>10</value>
<status status="PASS" start="2024-04-03T09:33:29.055158" elapsed="0.023308"/>
</for>
<var name="${i}">0</var>
<status status="PASS" start="2024-04-03T09:33:29.055158" elapsed="0.023308"/>
</iter>
<iter>
<for flavor="IN RANGE">
<iter>
<if>
<branch type="IF" condition="$i &lt;= 3">
<kw name="Log To Console" owner="BuiltIn">
<arg>Low ${i}</arg>
<doc>Logs the given message to the console.</doc>
<status status="PASS" start="2024-04-03T09:33:29.078830" elapsed="0.000000"/>
</kw>
<status status="PASS" start="2024-04-03T09:33:29.078830" elapsed="0.000000"/>
</branch>
<branch type="ELSE IF" condition="$i &gt; 3 and $i &lt;7">
<kw name="Log To Console" owner="BuiltIn">
<arg>Medium ${i}</arg>
<doc>Logs the given message to the console.</doc>
<status status="NOT RUN" start="2024-04-03T09:33:29.078830" elapsed="0.000000"/>
</kw>
<status status="NOT RUN" start="2024-04-03T09:33:29.078830" elapsed="0.000000"/>
</branch>
<branch type="ELSE">
<kw name="Log To Console" owner="BuiltIn">
<arg>High ${i}</arg>
<doc>Logs the given message to the console.</doc>
<status status="NOT RUN" start="2024-04-03T09:33:29.078830" elapsed="0.000000"/>
</kw>
<status status="NOT RUN" start="2024-04-03T09:33:29.078830" elapsed="0.000000"/>
</branch>
<status status="PASS" start="2024-04-03T09:33:29.078830" elapsed="0.000000"/>
</if>
<var name="${i}">0</var>
<status status="PASS" start="2024-04-03T09:33:29.078830" elapsed="0.000000"/>
</iter>
<iter>
<if>
<branch type="IF" condition="$i &lt;= 3">
<kw name="Log To Console" owner="BuiltIn">
<arg>Low ${i}</arg>
<doc>Logs the given message to the console.</doc>
<status status="PASS" start="2024-04-03T09:33:29.078830" elapsed="0.000000"/>
</kw>
<status status="PASS" start="2024-04-03T09:33:29.078830" elapsed="0.000000"/>
</branch>
<branch type="ELSE IF" condition="$i &gt; 3 and $i &lt;7">
<kw name="Log To Console" owner="BuiltIn">
<arg>Medium ${i}</arg>
<doc>Logs the given message to the console.</doc>
<status status="NOT RUN" start="2024-04-03T09:33:29.078830" elapsed="0.000000"/>
</kw>
<status status="NOT RUN" start="2024-04-03T09:33:29.078830" elapsed="0.000000"/>
</branch>
<branch type="ELSE">
<kw name="Log To Console" owner="BuiltIn">
<arg>High ${i}</arg>
<doc>Logs the given message to the console.</doc>
<status status="NOT RUN" start="2024-04-03T09:33:29.078830" elapsed="0.000000"/>
</kw>
<status status="NOT RUN" start="2024-04-03T09:33:29.078830" elapsed="0.000000"/>
</branch>
<status status="PASS" start="2024-04-03T09:33:29.078830" elapsed="0.000000"/>
</if>
<var name="${i}">1</var>
<status status="PASS" start="2024-04-03T09:33:29.078830" elapsed="0.000000"/>
</iter>
<iter>
<if>
<branch type="IF" condition="$i &lt;= 3">
<kw name="Log To Console" owner="BuiltIn">
<arg>Low ${i}</arg>
<doc>Logs the given message to the console.</doc>
<status status="PASS" start="2024-04-03T09:33:29.078830" elapsed="0.000000"/>
</kw>
<status status="PASS" start="2024-04-03T09:33:29.078830" elapsed="0.000000"/>
</branch>
<branch type="ELSE IF" condition="$i &gt; 3 and $i &lt;7">
<kw name="Log To Console" owner="BuiltIn">
<arg>Medium ${i}</arg>
<doc>Logs the given message to the console.</doc>
<status status="NOT RUN" start="2024-04-03T09:33:29.082754" elapsed="0.000000"/>
</kw>
<status status="NOT RUN" start="2024-04-03T09:33:29.078830" elapsed="0.003924"/>
</branch>
<branch type="ELSE">
<kw name="Log To Console" owner="BuiltIn">
<arg>High ${i}</arg>
<doc>Logs the given message to the console.</doc>
<status status="NOT RUN" start="2024-04-03T09:33:29.082754" elapsed="0.000000"/>
</kw>
<status status="NOT RUN" start="2024-04-03T09:33:29.082754" elapsed="0.000000"/>
</branch>
<status status="PASS" start="2024-04-03T09:33:29.078830" elapsed="0.003924"/>
</if>
<var name="${i}">2</var>
<status status="PASS" start="2024-04-03T09:33:29.078830" elapsed="0.003924"/>
</iter>
<iter>
<if>
<branch type="IF" condition="$i &lt;= 3">
<kw name="Log To Console" owner="BuiltIn">
<arg>Low ${i}</arg>
<doc>Logs the given message to the console.</doc>
<status status="PASS" start="2024-04-03T09:33:29.083395" elapsed="0.000562"/>
</kw>
<status status="PASS" start="2024-04-03T09:33:29.083395" elapsed="0.000562"/>
</branch>
<branch type="ELSE IF" condition="$i &gt; 3 and $i &lt;7">
<kw name="Log To Console" owner="BuiltIn">
<arg>Medium ${i}</arg>
<doc>Logs the given message to the console.</doc>
<status status="NOT RUN" start="2024-04-03T09:33:29.083957" elapsed="0.000000"/>
</kw>
<status status="NOT RUN" start="2024-04-03T09:33:29.083957" elapsed="0.000000"/>
</branch>
<branch type="ELSE">
<kw name="Log To Console" owner="BuiltIn">
<arg>High ${i}</arg>
<doc>Logs the given message to the console.</doc>
<status status="NOT RUN" start="2024-04-03T09:33:29.083957" elapsed="0.000000"/>
</kw>
<status status="NOT RUN" start="2024-04-03T09:33:29.083957" elapsed="0.000000"/>
</branch>
<status status="PASS" start="2024-04-03T09:33:29.083395" elapsed="0.000562"/>
</if>
<var name="${i}">3</var>
<status status="PASS" start="2024-04-03T09:33:29.082754" elapsed="0.001203"/>
</iter>
<iter>
<if>
<branch type="IF" condition="$i &lt;= 3">
<kw name="Log To Console" owner="BuiltIn">
<arg>Low ${i}</arg>
<doc>Logs the given message to the console.</doc>
<status status="NOT RUN" start="2024-04-03T09:33:29.083957" elapsed="0.000000"/>
</kw>
<status status="NOT RUN" start="2024-04-03T09:33:29.083957" elapsed="0.000000"/>
</branch>
<branch type="ELSE IF" condition="$i &gt; 3 and $i &lt;7">
<kw name="Log To Console" owner="BuiltIn">
<arg>Medium ${i}</arg>
<doc>Logs the given message to the console.</doc>
<status status="PASS" start="2024-04-03T09:33:29.083957" elapsed="0.000000"/>
</kw>
<status status="PASS" start="2024-04-03T09:33:29.083957" elapsed="0.000000"/>
</branch>
<branch type="ELSE">
<kw name="Log To Console" owner="BuiltIn">
<arg>High ${i}</arg>
<doc>Logs the given message to the console.</doc>
<status status="NOT RUN" start="2024-04-03T09:33:29.083957" elapsed="0.000000"/>
</kw>
<status status="NOT RUN" start="2024-04-03T09:33:29.083957" elapsed="0.000000"/>
</branch>
<status status="PASS" start="2024-04-03T09:33:29.083957" elapsed="0.000000"/>
</if>
<var name="${i}">4</var>
<status status="PASS" start="2024-04-03T09:33:29.083957" elapsed="0.000000"/>
</iter>
<iter>
<if>
<branch type="IF" condition="$i &lt;= 3">
<kw name="Log To Console" owner="BuiltIn">
<arg>Low ${i}</arg>
<doc>Logs the given message to the console.</doc>
<status status="NOT RUN" start="2024-04-03T09:33:29.083957" elapsed="0.000000"/>
</kw>
<status status="NOT RUN" start="2024-04-03T09:33:29.083957" elapsed="0.000000"/>
</branch>
<branch type="ELSE IF" condition="$i &gt; 3 and $i &lt;7">
<kw name="Log To Console" owner="BuiltIn">
<arg>Medium ${i}</arg>
<doc>Logs the given message to the console.</doc>
<status status="PASS" start="2024-04-03T09:33:29.091007" elapsed="0.000000"/>
</kw>
<status status="PASS" start="2024-04-03T09:33:29.083957" elapsed="0.007050"/>
</branch>
<branch type="ELSE">
<kw name="Log To Console" owner="BuiltIn">
<arg>High ${i}</arg>
<doc>Logs the given message to the console.</doc>
<status status="NOT RUN" start="2024-04-03T09:33:29.091007" elapsed="0.000000"/>
</kw>
<status status="NOT RUN" start="2024-04-03T09:33:29.091007" elapsed="0.000000"/>
</branch>
<status status="PASS" start="2024-04-03T09:33:29.083957" elapsed="0.007050"/>
</if>
<var name="${i}">5</var>
<status status="PASS" start="2024-04-03T09:33:29.083957" elapsed="0.007050"/>
</iter>
<iter>
<if>
<branch type="IF" condition="$i &lt;= 3">
<kw name="Log To Console" owner="BuiltIn">
<arg>Low ${i}</arg>
<doc>Logs the given message to the console.</doc>
<status status="NOT RUN" start="2024-04-03T09:33:29.091007" elapsed="0.000000"/>
</kw>
<status status="NOT RUN" start="2024-04-03T09:33:29.091007" elapsed="0.000000"/>
</branch>
<branch type="ELSE IF" condition="$i &gt; 3 and $i &lt;7">
<kw name="Log To Console" owner="BuiltIn">
<arg>Medium ${i}</arg>
<doc>Logs the given message to the console.</doc>
<status status="PASS" start="2024-04-03T09:33:29.091007" elapsed="0.000000"/>
</kw>
<status status="PASS" start="2024-04-03T09:33:29.091007" elapsed="0.000000"/>
</branch>
<branch type="ELSE">
<kw name="Log To Console" owner="BuiltIn">
<arg>High ${i}</arg>
<doc>Logs the given message to the console.</doc>
<status status="NOT RUN" start="2024-04-03T09:33:29.091007" elapsed="0.000000"/>
</kw>
<status status="NOT RUN" start="2024-04-03T09:33:29.091007" elapsed="0.000000"/>
</branch>
<status status="PASS" start="2024-04-03T09:33:29.091007" elapsed="0.000000"/>
</if>
<var name="${i}">6</var>
<status status="PASS" start="2024-04-03T09:33:29.091007" elapsed="0.000000"/>
</iter>
<iter>
<if>
<branch type="IF" condition="$i &lt;= 3">
<kw name="Log To Console" owner="BuiltIn">
<arg>Low ${i}</arg>
<doc>Logs the given message to the console.</doc>
<status status="NOT RUN" start="2024-04-03T09:33:29.091007" elapsed="0.000000"/>
</kw>
<status status="NOT RUN" start="2024-04-03T09:33:29.091007" elapsed="0.000000"/>
</branch>
<branch type="ELSE IF" condition="$i &gt; 3 and $i &lt;7">
<kw name="Log To Console" owner="BuiltIn">
<arg>Medium ${i}</arg>
<doc>Logs the given message to the console.</doc>
<status status="NOT RUN" start="2024-04-03T09:33:29.091007" elapsed="0.000000"/>
</kw>
<status status="NOT RUN" start="2024-04-03T09:33:29.091007" elapsed="0.000000"/>
</branch>
<branch type="ELSE">
<kw name="Log To Console" owner="BuiltIn">
<arg>High ${i}</arg>
<doc>Logs the given message to the console.</doc>
<status status="PASS" start="2024-04-03T09:33:29.091007" elapsed="0.000000"/>
</kw>
<status status="PASS" start="2024-04-03T09:33:29.091007" elapsed="0.000000"/>
</branch>
<status status="PASS" start="2024-04-03T09:33:29.091007" elapsed="0.000000"/>
</if>
<var name="${i}">7</var>
<status status="PASS" start="2024-04-03T09:33:29.091007" elapsed="0.000000"/>
</iter>
<iter>
<if>
<branch type="IF" condition="$i &lt;= 3">
<kw name="Log To Console" owner="BuiltIn">
<arg>Low ${i}</arg>
<doc>Logs the given message to the console.</doc>
<status status="NOT RUN" start="2024-04-03T09:33:29.095600" elapsed="0.000000"/>
</kw>
<status status="NOT RUN" start="2024-04-03T09:33:29.095600" elapsed="0.000000"/>
</branch>
<branch type="ELSE IF" condition="$i &gt; 3 and $i &lt;7">
<kw name="Log To Console" owner="BuiltIn">
<arg>Medium ${i}</arg>
<doc>Logs the given message to the console.</doc>
<status status="NOT RUN" start="2024-04-03T09:33:29.095600" elapsed="0.000000"/>
</kw>
<status status="NOT RUN" start="2024-04-03T09:33:29.095600" elapsed="0.000000"/>
</branch>
<branch type="ELSE">
<kw name="Log To Console" owner="BuiltIn">
<arg>High ${i}</arg>
<doc>Logs the given message to the console.</doc>
<status status="PASS" start="2024-04-03T09:33:29.095600" elapsed="0.000000"/>
</kw>
<status status="PASS" start="2024-04-03T09:33:29.095600" elapsed="0.000000"/>
</branch>
<status status="PASS" start="2024-04-03T09:33:29.095024" elapsed="0.000576"/>
</if>
<var name="${i}">8</var>
<status status="PASS" start="2024-04-03T09:33:29.095024" elapsed="0.000576"/>
</iter>
<iter>
<if>
<branch type="IF" condition="$i &lt;= 3">
<kw name="Log To Console" owner="BuiltIn">
<arg>Low ${i}</arg>
<doc>Logs the given message to the console.</doc>
<status status="NOT RUN" start="2024-04-03T09:33:29.095600" elapsed="0.000000"/>
</kw>
<status status="NOT RUN" start="2024-04-03T09:33:29.095600" elapsed="0.000000"/>
</branch>
<branch type="ELSE IF" condition="$i &gt; 3 and $i &lt;7">
<kw name="Log To Console" owner="BuiltIn">
<arg>Medium ${i}</arg>
<doc>Logs the given message to the console.</doc>
<status status="NOT RUN" start="2024-04-03T09:33:29.095600" elapsed="0.000000"/>
</kw>
<status status="NOT RUN" start="2024-04-03T09:33:29.095600" elapsed="0.000000"/>
</branch>
<branch type="ELSE">
<kw name="Log To Console" owner="BuiltIn">
<arg>High ${i}</arg>
<doc>Logs the given message to the console.</doc>
<status status="PASS" start="2024-04-03T09:33:29.095600" elapsed="0.000000"/>
</kw>
<status status="PASS" start="2024-04-03T09:33:29.095600" elapsed="0.000000"/>
</branch>
<status status="PASS" start="2024-04-03T09:33:29.095600" elapsed="0.000000"/>
</if>
<var name="${i}">9</var>
<status status="PASS" start="2024-04-03T09:33:29.095600" elapsed="0.000000"/>
</iter>
<var>${i}</var>
<value>10</value>
<status status="PASS" start="2024-04-03T09:33:29.078466" elapsed="0.017134"/>
</for>
<var name="${i}">1</var>
<status status="PASS" start="2024-04-03T09:33:29.078466" elapsed="0.017134"/>
</iter>
<iter>
<for flavor="IN RANGE">
<iter>
<if>
<branch type="IF" condition="$i &lt;= 3">
<kw name="Log To Console" owner="BuiltIn">
<arg>Low ${i}</arg>
<doc>Logs the given message to the console.</doc>
<status status="PASS" start="2024-04-03T09:33:29.095600" elapsed="0.003531"/>
</kw>
<status status="PASS" start="2024-04-03T09:33:29.095600" elapsed="0.003531"/>
</branch>
<branch type="ELSE IF" condition="$i &gt; 3 and $i &lt;7">
<kw name="Log To Console" owner="BuiltIn">
<arg>Medium ${i}</arg>
<doc>Logs the given message to the console.</doc>
<status status="NOT RUN" start="2024-04-03T09:33:29.099131" elapsed="0.000000"/>
</kw>
<status status="NOT RUN" start="2024-04-03T09:33:29.099131" elapsed="0.000000"/>
</branch>
<branch type="ELSE">
<kw name="Log To Console" owner="BuiltIn">
<arg>High ${i}</arg>
<doc>Logs the given message to the console.</doc>
<status status="NOT RUN" start="2024-04-03T09:33:29.100075" elapsed="0.000000"/>
</kw>
<status status="NOT RUN" start="2024-04-03T09:33:29.099131" elapsed="0.000944"/>
</branch>
<status status="PASS" start="2024-04-03T09:33:29.095600" elapsed="0.004475"/>
</if>
<var name="${i}">0</var>
<status status="PASS" start="2024-04-03T09:33:29.095600" elapsed="0.004475"/>
</iter>
<iter>
<if>
<branch type="IF" condition="$i &lt;= 3">
<kw name="Log To Console" owner="BuiltIn">
<arg>Low ${i}</arg>
<doc>Logs the given message to the console.</doc>
<status status="PASS" start="2024-04-03T09:33:29.100666" elapsed="0.000000"/>
</kw>
<status status="PASS" start="2024-04-03T09:33:29.100666" elapsed="0.000000"/>
</branch>
<branch type="ELSE IF" condition="$i &gt; 3 and $i &lt;7">
<kw name="Log To Console" owner="BuiltIn">
<arg>Medium ${i}</arg>
<doc>Logs the given message to the console.</doc>
<status status="NOT RUN" start="2024-04-03T09:33:29.100666" elapsed="0.000000"/>
</kw>
<status status="NOT RUN" start="2024-04-03T09:33:29.100666" elapsed="0.000000"/>
</branch>
<branch type="ELSE">
<kw name="Log To Console" owner="BuiltIn">
<arg>High ${i}</arg>
<doc>Logs the given message to the console.</doc>
<status status="NOT RUN" start="2024-04-03T09:33:29.100666" elapsed="0.000000"/>
</kw>
<status status="NOT RUN" start="2024-04-03T09:33:29.100666" elapsed="0.000000"/>
</branch>
<status status="PASS" start="2024-04-03T09:33:29.100666" elapsed="0.000000"/>
</if>
<var name="${i}">1</var>
<status status="PASS" start="2024-04-03T09:33:29.100666" elapsed="0.000000"/>
</iter>
<iter>
<if>
<branch type="IF" condition="$i &lt;= 3">
<kw name="Log To Console" owner="BuiltIn">
<arg>Low ${i}</arg>
<doc>Logs the given message to the console.</doc>
<status status="PASS" start="2024-04-03T09:33:29.100666" elapsed="0.000000"/>
</kw>
<status status="PASS" start="2024-04-03T09:33:29.100666" elapsed="0.000000"/>
</branch>
<branch type="ELSE IF" condition="$i &gt; 3 and $i &lt;7">
<kw name="Log To Console" owner="BuiltIn">
<arg>Medium ${i}</arg>
<doc>Logs the given message to the console.</doc>
<status status="NOT RUN" start="2024-04-03T09:33:29.100666" elapsed="0.000000"/>
</kw>
<status status="NOT RUN" start="2024-04-03T09:33:29.100666" elapsed="0.000000"/>
</branch>
<branch type="ELSE">
<kw name="Log To Console" owner="BuiltIn">
<arg>High ${i}</arg>
<doc>Logs the given message to the console.</doc>
<status status="NOT RUN" start="2024-04-03T09:33:29.100666" elapsed="0.000000"/>
</kw>
<status status="NOT RUN" start="2024-04-03T09:33:29.100666" elapsed="0.000000"/>
</branch>
<status status="PASS" start="2024-04-03T09:33:29.100666" elapsed="0.000000"/>
</if>
<var name="${i}">2</var>
<status status="PASS" start="2024-04-03T09:33:29.100666" elapsed="0.000000"/>
</iter>
<iter>
<if>
<branch type="IF" condition="$i &lt;= 3">
<kw name="Log To Console" owner="BuiltIn">
<arg>Low ${i}</arg>
<doc>Logs the given message to the console.</doc>
<status status="PASS" start="2024-04-03T09:33:29.100666" elapsed="0.000000"/>
</kw>
<status status="PASS" start="2024-04-03T09:33:29.100666" elapsed="0.000000"/>
</branch>
<branch type="ELSE IF" condition="$i &gt; 3 and $i &lt;7">
<kw name="Log To Console" owner="BuiltIn">
<arg>Medium ${i}</arg>
<doc>Logs the given message to the console.</doc>
<status status="NOT RUN" start="2024-04-03T09:33:29.100666" elapsed="0.000000"/>
</kw>
<status status="NOT RUN" start="2024-04-03T09:33:29.100666" elapsed="0.000000"/>
</branch>
<branch type="ELSE">
<kw name="Log To Console" owner="BuiltIn">
<arg>High ${i}</arg>
<doc>Logs the given message to the console.</doc>
<status status="NOT RUN" start="2024-04-03T09:33:29.100666" elapsed="0.000000"/>
</kw>
<status status="NOT RUN" start="2024-04-03T09:33:29.100666" elapsed="0.000000"/>
</branch>
<status status="PASS" start="2024-04-03T09:33:29.100666" elapsed="0.000000"/>
</if>
<var name="${i}">3</var>
<status status="PASS" start="2024-04-03T09:33:29.100666" elapsed="0.000000"/>
</iter>
<iter>
<if>
<branch type="IF" condition="$i &lt;= 3">
<kw name="Log To Console" owner="BuiltIn">
<arg>Low ${i}</arg>
<doc>Logs the given message to the console.</doc>
<status status="NOT RUN" start="2024-04-03T09:33:29.100666" elapsed="0.000000"/>
</kw>
<status status="NOT RUN" start="2024-04-03T09:33:29.100666" elapsed="0.000000"/>
</branch>
<branch type="ELSE IF" condition="$i &gt; 3 and $i &lt;7">
<kw name="Log To Console" owner="BuiltIn">
<arg>Medium ${i}</arg>
<doc>Logs the given message to the console.</doc>
<status status="PASS" start="2024-04-03T09:33:29.100666" elapsed="0.000000"/>
</kw>
<status status="PASS" start="2024-04-03T09:33:29.100666" elapsed="0.000000"/>
</branch>
<branch type="ELSE">
<kw name="Log To Console" owner="BuiltIn">
<arg>High ${i}</arg>
<doc>Logs the given message to the console.</doc>
<status status="NOT RUN" start="2024-04-03T09:33:29.100666" elapsed="0.000000"/>
</kw>
<status status="NOT RUN" start="2024-04-03T09:33:29.100666" elapsed="0.000000"/>
</branch>
<status status="PASS" start="2024-04-03T09:33:29.100666" elapsed="0.000000"/>
</if>
<var name="${i}">4</var>
<status status="PASS" start="2024-04-03T09:33:29.100666" elapsed="0.009268"/>
</iter>
<iter>
<if>
<branch type="IF" condition="$i &lt;= 3">
<kw name="Log To Console" owner="BuiltIn">
<arg>Low ${i}</arg>
<doc>Logs the given message to the console.</doc>
<status status="NOT RUN" start="2024-04-03T09:33:29.110520" elapsed="0.000000"/>
</kw>
<status status="NOT RUN" start="2024-04-03T09:33:29.110520" elapsed="0.000000"/>
</branch>
<branch type="ELSE IF" condition="$i &gt; 3 and $i &lt;7">
<kw name="Log To Console" owner="BuiltIn">
<arg>Medium ${i}</arg>
<doc>Logs the given message to the console.</doc>
<status status="PASS" start="2024-04-03T09:33:29.111217" elapsed="0.000381"/>
</kw>
<status status="PASS" start="2024-04-03T09:33:29.110520" elapsed="0.001078"/>
</branch>
<branch type="ELSE">
<kw name="Log To Console" owner="BuiltIn">
<arg>High ${i}</arg>
<doc>Logs the given message to the console.</doc>
<status status="NOT RUN" start="2024-04-03T09:33:29.111598" elapsed="0.000000"/>
</kw>
<status status="NOT RUN" start="2024-04-03T09:33:29.111598" elapsed="0.000000"/>
</branch>
<status status="PASS" start="2024-04-03T09:33:29.110520" elapsed="0.001078"/>
</if>
<var name="${i}">5</var>
<status status="PASS" start="2024-04-03T09:33:29.110134" elapsed="0.001464"/>
</iter>
<iter>
<if>
<branch type="IF" condition="$i &lt;= 3">
<kw name="Log To Console" owner="BuiltIn">
<arg>Low ${i}</arg>
<doc>Logs the given message to the console.</doc>
<status status="NOT RUN" start="2024-04-03T09:33:29.111598" elapsed="0.000000"/>
</kw>
<status status="NOT RUN" start="2024-04-03T09:33:29.111598" elapsed="0.000000"/>
</branch>
<branch type="ELSE IF" condition="$i &gt; 3 and $i &lt;7">
<kw name="Log To Console" owner="BuiltIn">
<arg>Medium ${i}</arg>
<doc>Logs the given message to the console.</doc>
<status status="PASS" start="2024-04-03T09:33:29.111598" elapsed="0.000000"/>
</kw>
<status status="PASS" start="2024-04-03T09:33:29.111598" elapsed="0.000000"/>
</branch>
<branch type="ELSE">
<kw name="Log To Console" owner="BuiltIn">
<arg>High ${i}</arg>
<doc>Logs the given message to the console.</doc>
<status status="NOT RUN" start="2024-04-03T09:33:29.111598" elapsed="0.000000"/>
</kw>
<status status="NOT RUN" start="2024-04-03T09:33:29.111598" elapsed="0.000000"/>
</branch>
<status status="PASS" start="2024-04-03T09:33:29.111598" elapsed="0.000000"/>
</if>
<var name="${i}">6</var>
<status status="PASS" start="2024-04-03T09:33:29.111598" elapsed="0.000000"/>
</iter>
<iter>
<if>
<branch type="IF" condition="$i &lt;= 3">
<kw name="Log To Console" owner="BuiltIn">
<arg>Low ${i}</arg>
<doc>Logs the given message to the console.</doc>
<status status="NOT RUN" start="2024-04-03T09:33:29.111598" elapsed="0.000000"/>
</kw>
<status status="NOT RUN" start="2024-04-03T09:33:29.111598" elapsed="0.000000"/>
</branch>
<branch type="ELSE IF" condition="$i &gt; 3 and $i &lt;7">
<kw name="Log To Console" owner="BuiltIn">
<arg>Medium ${i}</arg>
<doc>Logs the given message to the console.</doc>
<status status="NOT RUN" start="2024-04-03T09:33:29.111598" elapsed="0.000000"/>
</kw>
<status status="NOT RUN" start="2024-04-03T09:33:29.111598" elapsed="0.000000"/>
</branch>
<branch type="ELSE">
<kw name="Log To Console" owner="BuiltIn">
<arg>High ${i}</arg>
<doc>Logs the given message to the console.</doc>
<status status="PASS" start="2024-04-03T09:33:29.111598" elapsed="0.000000"/>
</kw>
<status status="PASS" start="2024-04-03T09:33:29.111598" elapsed="0.000000"/>
</branch>
<status status="PASS" start="2024-04-03T09:33:29.111598" elapsed="0.000000"/>
</if>
<var name="${i}">7</var>
<status status="PASS" start="2024-04-03T09:33:29.111598" elapsed="0.000000"/>
</iter>
<iter>
<if>
<branch type="IF" condition="$i &lt;= 3">
<kw name="Log To Console" owner="BuiltIn">
<arg>Low ${i}</arg>
<doc>Logs the given message to the console.</doc>
<status status="NOT RUN" start="2024-04-03T09:33:29.115433" elapsed="0.000000"/>
</kw>
<status status="NOT RUN" start="2024-04-03T09:33:29.115433" elapsed="0.000000"/>
</branch>
<branch type="ELSE IF" condition="$i &gt; 3 and $i &lt;7">
<kw name="Log To Console" owner="BuiltIn">
<arg>Medium ${i}</arg>
<doc>Logs the given message to the console.</doc>
<status status="NOT RUN" start="2024-04-03T09:33:29.115433" elapsed="0.001313"/>
</kw>
<status status="NOT RUN" start="2024-04-03T09:33:29.115433" elapsed="0.001862"/>
</branch>
<branch type="ELSE">
<kw name="Log To Console" owner="BuiltIn">
<arg>High ${i}</arg>
<doc>Logs the given message to the console.</doc>
<status status="PASS" start="2024-04-03T09:33:29.117295" elapsed="0.000000"/>
</kw>
<status status="PASS" start="2024-04-03T09:33:29.117295" elapsed="0.000000"/>
</branch>
<status status="PASS" start="2024-04-03T09:33:29.115433" elapsed="0.001862"/>
</if>
<var name="${i}">8</var>
<status status="PASS" start="2024-04-03T09:33:29.115433" elapsed="0.001862"/>
</iter>
<iter>
<if>
<branch type="IF" condition="$i &lt;= 3">
<kw name="Log To Console" owner="BuiltIn">
<arg>Low ${i}</arg>
<doc>Logs the given message to the console.</doc>
<status status="NOT RUN" start="2024-04-03T09:33:29.117295" elapsed="0.000000"/>
</kw>
<status status="NOT RUN" start="2024-04-03T09:33:29.117295" elapsed="0.000000"/>
</branch>
<branch type="ELSE IF" condition="$i &gt; 3 and $i &lt;7">
<kw name="Log To Console" owner="BuiltIn">
<arg>Medium ${i}</arg>
<doc>Logs the given message to the console.</doc>
<status status="NOT RUN" start="2024-04-03T09:33:29.117295" elapsed="0.000000"/>
</kw>
<status status="NOT RUN" start="2024-04-03T09:33:29.117295" elapsed="0.000000"/>
</branch>
<branch type="ELSE">
<kw name="Log To Console" owner="BuiltIn">
<arg>High ${i}</arg>
<doc>Logs the given message to the console.</doc>
<status status="PASS" start="2024-04-03T09:33:29.117295" elapsed="0.009379"/>
</kw>
<status status="PASS" start="2024-04-03T09:33:29.117295" elapsed="0.009379"/>
</branch>
<status status="PASS" start="2024-04-03T09:33:29.117295" elapsed="0.010275"/>
</if>
<var name="${i}">9</var>
<status status="PASS" start="2024-04-03T09:33:29.117295" elapsed="0.010275"/>
</iter>
<var>${i}</var>
<value>10</value>
<status status="PASS" start="2024-04-03T09:33:29.095600" elapsed="0.031970"/>
</for>
<var name="${i}">2</var>
<status status="PASS" start="2024-04-03T09:33:29.095600" elapsed="0.031970"/>
</iter>
<iter>
<for flavor="IN RANGE">
<iter>
<if>
<branch type="IF" condition="$i &lt;= 3">
<kw name="Log To Console" owner="BuiltIn">
<arg>Low ${i}</arg>
<doc>Logs the given message to the console.</doc>
<status status="PASS" start="2024-04-03T09:33:29.127570" elapsed="0.000000"/>
</kw>
<status status="PASS" start="2024-04-03T09:33:29.127570" elapsed="0.000000"/>
</branch>
<branch type="ELSE IF" condition="$i &gt; 3 and $i &lt;7">
<kw name="Log To Console" owner="BuiltIn">
<arg>Medium ${i}</arg>
<doc>Logs the given message to the console.</doc>
<status status="NOT RUN" start="2024-04-03T09:33:29.127570" elapsed="0.000000"/>
</kw>
<status status="NOT RUN" start="2024-04-03T09:33:29.127570" elapsed="0.000000"/>
</branch>
<branch type="ELSE">
<kw name="Log To Console" owner="BuiltIn">
<arg>High ${i}</arg>
<doc>Logs the given message to the console.</doc>
<status status="NOT RUN" start="2024-04-03T09:33:29.127570" elapsed="0.000000"/>
</kw>
<status status="NOT RUN" start="2024-04-03T09:33:29.127570" elapsed="0.000000"/>
</branch>
<status status="PASS" start="2024-04-03T09:33:29.127570" elapsed="0.000000"/>
</if>
<var name="${i}">0</var>
<status status="PASS" start="2024-04-03T09:33:29.127570" elapsed="0.000000"/>
</iter>
<iter>
<if>
<branch type="IF" condition="$i &lt;= 3">
<kw name="Log To Console" owner="BuiltIn">
<arg>Low ${i}</arg>
<doc>Logs the given message to the console.</doc>
<status status="PASS" start="2024-04-03T09:33:29.127570" elapsed="0.000000"/>
</kw>
<status status="PASS" start="2024-04-03T09:33:29.127570" elapsed="0.000000"/>
</branch>
<branch type="ELSE IF" condition="$i &gt; 3 and $i &lt;7">
<kw name="Log To Console" owner="BuiltIn">
<arg>Medium ${i}</arg>
<doc>Logs the given message to the console.</doc>
<status status="NOT RUN" start="2024-04-03T09:33:29.127570" elapsed="0.000000"/>
</kw>
<status status="NOT RUN" start="2024-04-03T09:33:29.127570" elapsed="0.005640"/>
</branch>
<branch type="ELSE">
<kw name="Log To Console" owner="BuiltIn">
<arg>High ${i}</arg>
<doc>Logs the given message to the console.</doc>
<status status="NOT RUN" start="2024-04-03T09:33:29.134019" elapsed="0.000000"/>
</kw>
<status status="NOT RUN" start="2024-04-03T09:33:29.133391" elapsed="0.000628"/>
</branch>
<status status="PASS" start="2024-04-03T09:33:29.127570" elapsed="0.011484"/>
</if>
<var name="${i}">1</var>
<status status="PASS" start="2024-04-03T09:33:29.127570" elapsed="0.011484"/>
</iter>
<iter>
<if>
<branch type="IF" condition="$i &lt;= 3">
<kw name="Log To Console" owner="BuiltIn">
<arg>Low ${i}</arg>
<doc>Logs the given message to the console.</doc>
<status status="PASS" start="2024-04-03T09:33:29.139054" elapsed="0.000000"/>
</kw>
<status status="PASS" start="2024-04-03T09:33:29.139054" elapsed="0.000000"/>
</branch>
<branch type="ELSE IF" condition="$i &gt; 3 and $i &lt;7">
<kw name="Log To Console" owner="BuiltIn">
<arg>Medium ${i}</arg>
<doc>Logs the given message to the console.</doc>
<status status="NOT RUN" start="2024-04-03T09:33:29.139054" elapsed="0.000000"/>
</kw>
<status status="NOT RUN" start="2024-04-03T09:33:29.139054" elapsed="0.000000"/>
</branch>
<branch type="ELSE">
<kw name="Log To Console" owner="BuiltIn">
<arg>High ${i}</arg>
<doc>Logs the given message to the console.</doc>
<status status="NOT RUN" start="2024-04-03T09:33:29.139054" elapsed="0.000000"/>
</kw>
<status status="NOT RUN" start="2024-04-03T09:33:29.139054" elapsed="0.000000"/>
</branch>
<status status="PASS" start="2024-04-03T09:33:29.139054" elapsed="0.000000"/>
</if>
<var name="${i}">2</var>
<status status="PASS" start="2024-04-03T09:33:29.139054" elapsed="0.000000"/>
</iter>
<iter>
<if>
<branch type="IF" condition="$i &lt;= 3">
<kw name="Log To Console" owner="BuiltIn">
<arg>Low ${i}</arg>
<doc>Logs the given message to the console.</doc>
<status status="PASS" start="2024-04-03T09:33:29.139054" elapsed="0.004452"/>
</kw>
<status status="PASS" start="2024-04-03T09:33:29.139054" elapsed="0.004452"/>
</branch>
<branch type="ELSE IF" condition="$i &gt; 3 and $i &lt;7">
<kw name="Log To Console" owner="BuiltIn">
<arg>Medium ${i}</arg>
<doc>Logs the given message to the console.</doc>
<status status="NOT RUN" start="2024-04-03T09:33:29.144036" elapsed="0.000000"/>
</kw>
<status status="NOT RUN" start="2024-04-03T09:33:29.144036" elapsed="0.000000"/>
</branch>
<branch type="ELSE">
<kw name="Log To Console" owner="BuiltIn">
<arg>High ${i}</arg>
<doc>Logs the given message to the console.</doc>
<status status="NOT RUN" start="2024-04-03T09:33:29.144036" elapsed="0.000000"/>
</kw>
<status status="NOT RUN" start="2024-04-03T09:33:29.144036" elapsed="0.000000"/>
</branch>
<status status="PASS" start="2024-04-03T09:33:29.139054" elapsed="0.004982"/>
</if>
<var name="${i}">3</var>
<status status="PASS" start="2024-04-03T09:33:29.139054" elapsed="0.004982"/>
</iter>
<iter>
<if>
<branch type="IF" condition="$i &lt;= 3">
<kw name="Log To Console" owner="BuiltIn">
<arg>Low ${i}</arg>
<doc>Logs the given message to the console.</doc>
<status status="NOT RUN" start="2024-04-03T09:33:29.144852" elapsed="0.000000"/>
</kw>
<status status="NOT RUN" start="2024-04-03T09:33:29.144852" elapsed="0.000000"/>
</branch>
<branch type="ELSE IF" condition="$i &gt; 3 and $i &lt;7">
<kw name="Log To Console" owner="BuiltIn">
<arg>Medium ${i}</arg>
<doc>Logs the given message to the console.</doc>
<status status="PASS" start="2024-04-03T09:33:29.144852" elapsed="0.000000"/>
</kw>
<status status="PASS" start="2024-04-03T09:33:29.144852" elapsed="0.000000"/>
</branch>
<branch type="ELSE">
<kw name="Log To Console" owner="BuiltIn">
<arg>High ${i}</arg>
<doc>Logs the given message to the console.</doc>
<status status="NOT RUN" start="2024-04-03T09:33:29.146710" elapsed="0.000000"/>
</kw>
<status status="NOT RUN" start="2024-04-03T09:33:29.144852" elapsed="0.001858"/>
</branch>
<status status="PASS" start="2024-04-03T09:33:29.144852" elapsed="0.001858"/>
</if>
<var name="${i}">4</var>
<status status="PASS" start="2024-04-03T09:33:29.144852" elapsed="0.001858"/>
</iter>
<iter>
<if>
<branch type="IF" condition="$i &lt;= 3">
<kw name="Log To Console" owner="BuiltIn">
<arg>Low ${i}</arg>
<doc>Logs the given message to the console.</doc>
<status status="NOT RUN" start="2024-04-03T09:33:29.147116" elapsed="0.000000"/>
</kw>
<status status="NOT RUN" start="2024-04-03T09:33:29.147116" elapsed="0.000000"/>
</branch>
<branch type="ELSE IF" condition="$i &gt; 3 and $i &lt;7">
<kw name="Log To Console" owner="BuiltIn">
<arg>Medium ${i}</arg>
<doc>Logs the given message to the console.</doc>
<status status="PASS" start="2024-04-03T09:33:29.147116" elapsed="0.000000"/>
</kw>
<status status="PASS" start="2024-04-03T09:33:29.147116" elapsed="0.000000"/>
</branch>
<branch type="ELSE">
<kw name="Log To Console" owner="BuiltIn">
<arg>High ${i}</arg>
<doc>Logs the given message to the console.</doc>
<status status="NOT RUN" start="2024-04-03T09:33:29.147116" elapsed="0.000000"/>
</kw>
<status status="NOT RUN" start="2024-04-03T09:33:29.147116" elapsed="0.000000"/>
</branch>
<status status="PASS" start="2024-04-03T09:33:29.147116" elapsed="0.000000"/>
</if>
<var name="${i}">5</var>
<status status="PASS" start="2024-04-03T09:33:29.147116" elapsed="0.000000"/>
</iter>
<iter>
<if>
<branch type="IF" condition="$i &lt;= 3">
<kw name="Log To Console" owner="BuiltIn">
<arg>Low ${i}</arg>
<doc>Logs the given message to the console.</doc>
<status status="NOT RUN" start="2024-04-03T09:33:29.147116" elapsed="0.000000"/>
</kw>
<status status="NOT RUN" start="2024-04-03T09:33:29.147116" elapsed="0.000000"/>
</branch>
<branch type="ELSE IF" condition="$i &gt; 3 and $i &lt;7">
<kw name="Log To Console" owner="BuiltIn">
<arg>Medium ${i}</arg>
<doc>Logs the given message to the console.</doc>
<status status="PASS" start="2024-04-03T09:33:29.147116" elapsed="0.000000"/>
</kw>
<status status="PASS" start="2024-04-03T09:33:29.147116" elapsed="0.003507"/>
</branch>
<branch type="ELSE">
<kw name="Log To Console" owner="BuiltIn">
<arg>High ${i}</arg>
<doc>Logs the given message to the console.</doc>
<status status="NOT RUN" start="2024-04-03T09:33:29.154337" elapsed="0.000000"/>
</kw>
<status status="NOT RUN" start="2024-04-03T09:33:29.150623" elapsed="0.003714"/>
</branch>
<status status="PASS" start="2024-04-03T09:33:29.147116" elapsed="0.007221"/>
</if>
<var name="${i}">6</var>
<status status="PASS" start="2024-04-03T09:33:29.147116" elapsed="0.007221"/>
</iter>
<iter>
<if>
<branch type="IF" condition="$i &lt;= 3">
<kw name="Log To Console" owner="BuiltIn">
<arg>Low ${i}</arg>
<doc>Logs the given message to the console.</doc>
<status status="NOT RUN" start="2024-04-03T09:33:29.154337" elapsed="0.000000"/>
</kw>
<status status="NOT RUN" start="2024-04-03T09:33:29.154337" elapsed="0.000000"/>
</branch>
<branch type="ELSE IF" condition="$i &gt; 3 and $i &lt;7">
<kw name="Log To Console" owner="BuiltIn">
<arg>Medium ${i}</arg>
<doc>Logs the given message to the console.</doc>
<status status="NOT RUN" start="2024-04-03T09:33:29.154337" elapsed="0.000000"/>
</kw>
<status status="NOT RUN" start="2024-04-03T09:33:29.154337" elapsed="0.000000"/>
</branch>
<branch type="ELSE">
<kw name="Log To Console" owner="BuiltIn">
<arg>High ${i}</arg>
<doc>Logs the given message to the console.</doc>
<status status="PASS" start="2024-04-03T09:33:29.154337" elapsed="0.000000"/>
</kw>
<status status="PASS" start="2024-04-03T09:33:29.154337" elapsed="0.000000"/>
</branch>
<status status="PASS" start="2024-04-03T09:33:29.154337" elapsed="0.000000"/>
</if>
<var name="${i}">7</var>
<status status="PASS" start="2024-04-03T09:33:29.154337" elapsed="0.000000"/>
</iter>
<iter>
<if>
<branch type="IF" condition="$i &lt;= 3">
<kw name="Log To Console" owner="BuiltIn">
<arg>Low ${i}</arg>
<doc>Logs the given message to the console.</doc>
<status status="NOT RUN" start="2024-04-03T09:33:29.160848" elapsed="0.000000"/>
</kw>
<status status="NOT RUN" start="2024-04-03T09:33:29.159348" elapsed="0.001500"/>
</branch>
<branch type="ELSE IF" condition="$i &gt; 3 and $i &lt;7">
<kw name="Log To Console" owner="BuiltIn">
<arg>Medium ${i}</arg>
<doc>Logs the given message to the console.</doc>
<status status="NOT RUN" start="2024-04-03T09:33:29.161215" elapsed="0.000000"/>
</kw>
<status status="NOT RUN" start="2024-04-03T09:33:29.160848" elapsed="0.000853"/>
</branch>
<branch type="ELSE">
<kw name="Log To Console" owner="BuiltIn">
<arg>High ${i}</arg>
<doc>Logs the given message to the console.</doc>
<status status="PASS" start="2024-04-03T09:33:29.161701" elapsed="0.000000"/>
</kw>
<status status="PASS" start="2024-04-03T09:33:29.161701" elapsed="0.000000"/>
</branch>
<status status="PASS" start="2024-04-03T09:33:29.159348" elapsed="0.002353"/>
</if>
<var name="${i}">8</var>
<status status="PASS" start="2024-04-03T09:33:29.154337" elapsed="0.007364"/>
</iter>
<iter>
<if>
<branch type="IF" condition="$i &lt;= 3">
<kw name="Log To Console" owner="BuiltIn">
<arg>Low ${i}</arg>
<doc>Logs the given message to the console.</doc>
<status status="NOT RUN" start="2024-04-03T09:33:29.162906" elapsed="0.000000"/>
</kw>
<status status="NOT RUN" start="2024-04-03T09:33:29.162906" elapsed="0.000000"/>
</branch>
<branch type="ELSE IF" condition="$i &gt; 3 and $i &lt;7">
<kw name="Log To Console" owner="BuiltIn">
<arg>Medium ${i}</arg>
<doc>Logs the given message to the console.</doc>
<status status="NOT RUN" start="2024-04-03T09:33:29.163311" elapsed="0.000000"/>
</kw>
<status status="NOT RUN" start="2024-04-03T09:33:29.163311" elapsed="0.000000"/>
</branch>
<branch type="ELSE">
<kw name="Log To Console" owner="BuiltIn">
<arg>High ${i}</arg>
<doc>Logs the given message to the console.</doc>
<status status="PASS" start="2024-04-03T09:33:29.163311" elapsed="0.000000"/>
</kw>
<status status="PASS" start="2024-04-03T09:33:29.163311" elapsed="0.000000"/>
</branch>
<status status="PASS" start="2024-04-03T09:33:29.162906" elapsed="0.000405"/>
</if>
<var name="${i}">9</var>
<status status="PASS" start="2024-04-03T09:33:29.162906" elapsed="0.000405"/>
</iter>
<var>${i}</var>
<value>10</value>
<status status="PASS" start="2024-04-03T09:33:29.127570" elapsed="0.035741"/>
</for>
<var name="${i}">3</var>
<status status="PASS" start="2024-04-03T09:33:29.127570" elapsed="0.035741"/>
</iter>
<iter>
<for flavor="IN RANGE">
<iter>
<if>
<branch type="IF" condition="$i &lt;= 3">
<kw name="Log To Console" owner="BuiltIn">
<arg>Low ${i}</arg>
<doc>Logs the given message to the console.</doc>
<status status="PASS" start="2024-04-03T09:33:29.163311" elapsed="0.000000"/>
</kw>
<status status="PASS" start="2024-04-03T09:33:29.163311" elapsed="0.000000"/>
</branch>
<branch type="ELSE IF" condition="$i &gt; 3 and $i &lt;7">
<kw name="Log To Console" owner="BuiltIn">
<arg>Medium ${i}</arg>
<doc>Logs the given message to the console.</doc>
<status status="NOT RUN" start="2024-04-03T09:33:29.163311" elapsed="0.000000"/>
</kw>
<status status="NOT RUN" start="2024-04-03T09:33:29.163311" elapsed="0.000000"/>
</branch>
<branch type="ELSE">
<kw name="Log To Console" owner="BuiltIn">
<arg>High ${i}</arg>
<doc>Logs the given message to the console.</doc>
<status status="NOT RUN" start="2024-04-03T09:33:29.163311" elapsed="0.000000"/>
</kw>
<status status="NOT RUN" start="2024-04-03T09:33:29.163311" elapsed="0.000000"/>
</branch>
<status status="PASS" start="2024-04-03T09:33:29.163311" elapsed="0.000000"/>
</if>
<var name="${i}">0</var>
<status status="PASS" start="2024-04-03T09:33:29.163311" elapsed="0.000000"/>
</iter>
<iter>
<if>
<branch type="IF" condition="$i &lt;= 3">
<kw name="Log To Console" owner="BuiltIn">
<arg>Low ${i}</arg>
<doc>Logs the given message to the console.</doc>
<status status="PASS" start="2024-04-03T09:33:29.171053" elapsed="0.002411"/>
</kw>
<status status="PASS" start="2024-04-03T09:33:29.171053" elapsed="0.002411"/>
</branch>
<branch type="ELSE IF" condition="$i &gt; 3 and $i &lt;7">
<kw name="Log To Console" owner="BuiltIn">
<arg>Medium ${i}</arg>
<doc>Logs the given message to the console.</doc>
<status status="NOT RUN" start="2024-04-03T09:33:29.173464" elapsed="0.000000"/>
</kw>
<status status="NOT RUN" start="2024-04-03T09:33:29.173464" elapsed="0.000000"/>
</branch>
<branch type="ELSE">
<kw name="Log To Console" owner="BuiltIn">
<arg>High ${i}</arg>
<doc>Logs the given message to the console.</doc>
<status status="NOT RUN" start="2024-04-03T09:33:29.173464" elapsed="0.000000"/>
</kw>
<status status="NOT RUN" start="2024-04-03T09:33:29.173464" elapsed="0.000000"/>
</branch>
<status status="PASS" start="2024-04-03T09:33:29.171053" elapsed="0.002411"/>
</if>
<var name="${i}">1</var>
<status status="PASS" start="2024-04-03T09:33:29.171053" elapsed="0.002411"/>
</iter>
<iter>
<if>
<branch type="IF" condition="$i &lt;= 3">
<kw name="Log To Console" owner="BuiltIn">
<arg>Low ${i}</arg>
<doc>Logs the given message to the console.</doc>
<status status="PASS" start="2024-04-03T09:33:29.173464" elapsed="0.002596"/>
</kw>
<status status="PASS" start="2024-04-03T09:33:29.173464" elapsed="0.002596"/>
</branch>
<branch type="ELSE IF" condition="$i &gt; 3 and $i &lt;7">
<kw name="Log To Console" owner="BuiltIn">
<arg>Medium ${i}</arg>
<doc>Logs the given message to the console.</doc>
<status status="NOT RUN" start="2024-04-03T09:33:29.176060" elapsed="0.000000"/>
</kw>
<status status="NOT RUN" start="2024-04-03T09:33:29.176060" elapsed="0.000000"/>
</branch>
<branch type="ELSE">
<kw name="Log To Console" owner="BuiltIn">
<arg>High ${i}</arg>
<doc>Logs the given message to the console.</doc>
<status status="NOT RUN" start="2024-04-03T09:33:29.176060" elapsed="0.000000"/>
</kw>
<status status="NOT RUN" start="2024-04-03T09:33:29.176060" elapsed="0.000000"/>
</branch>
<status status="PASS" start="2024-04-03T09:33:29.173464" elapsed="0.002596"/>
</if>
<var name="${i}">2</var>
<status status="PASS" start="2024-04-03T09:33:29.173464" elapsed="0.002596"/>
</iter>
<iter>
<if>
<branch type="IF" condition="$i &lt;= 3">
<kw name="Log To Console" owner="BuiltIn">
<arg>Low ${i}</arg>
<doc>Logs the given message to the console.</doc>
<status status="PASS" start="2024-04-03T09:33:29.177511" elapsed="0.000000"/>
</kw>
<status status="PASS" start="2024-04-03T09:33:29.177511" elapsed="0.000000"/>
</branch>
<branch type="ELSE IF" condition="$i &gt; 3 and $i &lt;7">
<kw name="Log To Console" owner="BuiltIn">
<arg>Medium ${i}</arg>
<doc>Logs the given message to the console.</doc>
<status status="NOT RUN" start="2024-04-03T09:33:29.177511" elapsed="0.000000"/>
</kw>
<status status="NOT RUN" start="2024-04-03T09:33:29.177511" elapsed="0.000000"/>
</branch>
<branch type="ELSE">
<kw name="Log To Console" owner="BuiltIn">
<arg>High ${i}</arg>
<doc>Logs the given message to the console.</doc>
<status status="NOT RUN" start="2024-04-03T09:33:29.178801" elapsed="0.000000"/>
</kw>
<status status="NOT RUN" start="2024-04-03T09:33:29.178801" elapsed="0.000000"/>
</branch>
<status status="PASS" start="2024-04-03T09:33:29.177511" elapsed="0.001290"/>
</if>
<var name="${i}">3</var>
<status status="PASS" start="2024-04-03T09:33:29.177511" elapsed="0.001290"/>
</iter>
<iter>
<if>
<branch type="IF" condition="$i &lt;= 3">
<kw name="Log To Console" owner="BuiltIn">
<arg>Low ${i}</arg>
<doc>Logs the given message to the console.</doc>
<status status="NOT RUN" start="2024-04-03T09:33:29.179389" elapsed="0.000000"/>
</kw>
<status status="NOT RUN" start="2024-04-03T09:33:29.178801" elapsed="0.000588"/>
</branch>
<branch type="ELSE IF" condition="$i &gt; 3 and $i &lt;7">
<kw name="Log To Console" owner="BuiltIn">
<arg>Medium ${i}</arg>
<doc>Logs the given message to the console.</doc>
<status status="PASS" start="2024-04-03T09:33:29.179389" elapsed="0.001155"/>
</kw>
<status status="PASS" start="2024-04-03T09:33:29.179389" elapsed="0.001155"/>
</branch>
<branch type="ELSE">
<kw name="Log To Console" owner="BuiltIn">
<arg>High ${i}</arg>
<doc>Logs the given message to the console.</doc>
<status status="NOT RUN" start="2024-04-03T09:33:29.180544" elapsed="0.000000"/>
</kw>
<status status="NOT RUN" start="2024-04-03T09:33:29.180544" elapsed="0.000000"/>
</branch>
<status status="PASS" start="2024-04-03T09:33:29.178801" elapsed="0.001743"/>
</if>
<var name="${i}">4</var>
<status status="PASS" start="2024-04-03T09:33:29.178801" elapsed="0.001743"/>
</iter>
<iter>
<if>
<branch type="IF" condition="$i &lt;= 3">
<kw name="Log To Console" owner="BuiltIn">
<arg>Low ${i}</arg>
<doc>Logs the given message to the console.</doc>
<status status="NOT RUN" start="2024-04-03T09:33:29.180544" elapsed="0.000000"/>
</kw>
<status status="NOT RUN" start="2024-04-03T09:33:29.180544" elapsed="0.000000"/>
</branch>
<branch type="ELSE IF" condition="$i &gt; 3 and $i &lt;7">
<kw name="Log To Console" owner="BuiltIn">
<arg>Medium ${i}</arg>
<doc>Logs the given message to the console.</doc>
<status status="PASS" start="2024-04-03T09:33:29.180544" elapsed="0.000000"/>
</kw>
<status status="PASS" start="2024-04-03T09:33:29.180544" elapsed="0.000000"/>
</branch>
<branch type="ELSE">
<kw name="Log To Console" owner="BuiltIn">
<arg>High ${i}</arg>
<doc>Logs the given message to the console.</doc>
<status status="NOT RUN" start="2024-04-03T09:33:29.180544" elapsed="0.000000"/>
</kw>
<status status="NOT RUN" start="2024-04-03T09:33:29.180544" elapsed="0.000000"/>
</branch>
<status status="PASS" start="2024-04-03T09:33:29.180544" elapsed="0.000000"/>
</if>
<var name="${i}">5</var>
<status status="PASS" start="2024-04-03T09:33:29.180544" elapsed="0.000000"/>
</iter>
<iter>
<if>
<branch type="IF" condition="$i &lt;= 3">
<kw name="Log To Console" owner="BuiltIn">
<arg>Low ${i}</arg>
<doc>Logs the given message to the console.</doc>
<status status="NOT RUN" start="2024-04-03T09:33:29.180544" elapsed="0.000000"/>
</kw>
<status status="NOT RUN" start="2024-04-03T09:33:29.180544" elapsed="0.000000"/>
</branch>
<branch type="ELSE IF" condition="$i &gt; 3 and $i &lt;7">
<kw name="Log To Console" owner="BuiltIn">
<arg>Medium ${i}</arg>
<doc>Logs the given message to the console.</doc>
<status status="PASS" start="2024-04-03T09:33:29.180544" elapsed="0.000000"/>
</kw>
<status status="PASS" start="2024-04-03T09:33:29.180544" elapsed="0.000000"/>
</branch>
<branch type="ELSE">
<kw name="Log To Console" owner="BuiltIn">
<arg>High ${i}</arg>
<doc>Logs the given message to the console.</doc>
<status status="NOT RUN" start="2024-04-03T09:33:29.180544" elapsed="0.000000"/>
</kw>
<status status="NOT RUN" start="2024-04-03T09:33:29.180544" elapsed="0.000000"/>
</branch>
<status status="PASS" start="2024-04-03T09:33:29.180544" elapsed="0.000000"/>
</if>
<var name="${i}">6</var>
<status status="PASS" start="2024-04-03T09:33:29.180544" elapsed="0.003388"/>
</iter>
<iter>
<if>
<branch type="IF" condition="$i &lt;= 3">
<kw name="Log To Console" owner="BuiltIn">
<arg>Low ${i}</arg>
<doc>Logs the given message to the console.</doc>
<status status="NOT RUN" start="2024-04-03T09:33:29.183932" elapsed="0.000000"/>
</kw>
<status status="NOT RUN" start="2024-04-03T09:33:29.183932" elapsed="0.000000"/>
</branch>
<branch type="ELSE IF" condition="$i &gt; 3 and $i &lt;7">
<kw name="Log To Console" owner="BuiltIn">
<arg>Medium ${i}</arg>
<doc>Logs the given message to the console.</doc>
<status status="NOT RUN" start="2024-04-03T09:33:29.183932" elapsed="0.000000"/>
</kw>
<status status="NOT RUN" start="2024-04-03T09:33:29.183932" elapsed="0.000000"/>
</branch>
<branch type="ELSE">
<kw name="Log To Console" owner="BuiltIn">
<arg>High ${i}</arg>
<doc>Logs the given message to the console.</doc>
<status status="PASS" start="2024-04-03T09:33:29.183932" elapsed="0.000000"/>
</kw>
<status status="PASS" start="2024-04-03T09:33:29.183932" elapsed="0.000000"/>
</branch>
<status status="PASS" start="2024-04-03T09:33:29.183932" elapsed="0.000000"/>
</if>
<var name="${i}">7</var>
<status status="PASS" start="2024-04-03T09:33:29.183932" elapsed="0.000000"/>
</iter>
<iter>
<if>
<branch type="IF" condition="$i &lt;= 3">
<kw name="Log To Console" owner="BuiltIn">
<arg>Low ${i}</arg>
<doc>Logs the given message to the console.</doc>
<status status="NOT RUN" start="2024-04-03T09:33:29.183932" elapsed="0.000000"/>
</kw>
<status status="NOT RUN" start="2024-04-03T09:33:29.183932" elapsed="0.000000"/>
</branch>
<branch type="ELSE IF" condition="$i &gt; 3 and $i &lt;7">
<kw name="Log To Console" owner="BuiltIn">
<arg>Medium ${i}</arg>
<doc>Logs the given message to the console.</doc>
<status status="NOT RUN" start="2024-04-03T09:33:29.183932" elapsed="0.000000"/>
</kw>
<status status="NOT RUN" start="2024-04-03T09:33:29.183932" elapsed="0.000000"/>
</branch>
<branch type="ELSE">
<kw name="Log To Console" owner="BuiltIn">
<arg>High ${i}</arg>
<doc>Logs the given message to the console.</doc>
<status status="PASS" start="2024-04-03T09:33:29.183932" elapsed="0.008531"/>
</kw>
<status status="PASS" start="2024-04-03T09:33:29.183932" elapsed="0.008531"/>
</branch>
<status status="PASS" start="2024-04-03T09:33:29.183932" elapsed="0.008531"/>
</if>
<var name="${i}">8</var>
<status status="PASS" start="2024-04-03T09:33:29.183932" elapsed="0.008531"/>
</iter>
<iter>
<if>
<branch type="IF" condition="$i &lt;= 3">
<kw name="Log To Console" owner="BuiltIn">
<arg>Low ${i}</arg>
<doc>Logs the given message to the console.</doc>
<status status="NOT RUN" start="2024-04-03T09:33:29.193585" elapsed="0.000000"/>
</kw>
<status status="NOT RUN" start="2024-04-03T09:33:29.192463" elapsed="0.001122"/>
</branch>
<branch type="ELSE IF" condition="$i &gt; 3 and $i &lt;7">
<kw name="Log To Console" owner="BuiltIn">
<arg>Medium ${i}</arg>
<doc>Logs the given message to the console.</doc>
<status status="NOT RUN" start="2024-04-03T09:33:29.193585" elapsed="0.000000"/>
</kw>
<status status="NOT RUN" start="2024-04-03T09:33:29.193585" elapsed="0.000000"/>
</branch>
<branch type="ELSE">
<kw name="Log To Console" owner="BuiltIn">
<arg>High ${i}</arg>
<doc>Logs the given message to the console.</doc>
<status status="PASS" start="2024-04-03T09:33:29.193585" elapsed="0.000000"/>
</kw>
<status status="PASS" start="2024-04-03T09:33:29.193585" elapsed="0.000000"/>
</branch>
<status status="PASS" start="2024-04-03T09:33:29.192463" elapsed="0.001122"/>
</if>
<var name="${i}">9</var>
<status status="PASS" start="2024-04-03T09:33:29.192463" elapsed="0.003140"/>
</iter>
<var>${i}</var>
<value>10</value>
<status status="PASS" start="2024-04-03T09:33:29.163311" elapsed="0.032292"/>
</for>
<var name="${i}">4</var>
<status status="PASS" start="2024-04-03T09:33:29.163311" elapsed="0.032292"/>
</iter>
<iter>
<for flavor="IN RANGE">
<iter>
<if>
<branch type="IF" condition="$i &lt;= 3">
<kw name="Log To Console" owner="BuiltIn">
<arg>Low ${i}</arg>
<doc>Logs the given message to the console.</doc>
<status status="PASS" start="2024-04-03T09:33:29.196066" elapsed="0.000000"/>
</kw>
<status status="PASS" start="2024-04-03T09:33:29.196066" elapsed="0.000000"/>
</branch>
<branch type="ELSE IF" condition="$i &gt; 3 and $i &lt;7">
<kw name="Log To Console" owner="BuiltIn">
<arg>Medium ${i}</arg>
<doc>Logs the given message to the console.</doc>
<status status="NOT RUN" start="2024-04-03T09:33:29.196066" elapsed="0.000000"/>
</kw>
<status status="NOT RUN" start="2024-04-03T09:33:29.196066" elapsed="0.000000"/>
</branch>
<branch type="ELSE">
<kw name="Log To Console" owner="BuiltIn">
<arg>High ${i}</arg>
<doc>Logs the given message to the console.</doc>
<status status="NOT RUN" start="2024-04-03T09:33:29.196066" elapsed="0.000000"/>
</kw>
<status status="NOT RUN" start="2024-04-03T09:33:29.196066" elapsed="0.000000"/>
</branch>
<status status="PASS" start="2024-04-03T09:33:29.196066" elapsed="0.000000"/>
</if>
<var name="${i}">0</var>
<status status="PASS" start="2024-04-03T09:33:29.196066" elapsed="0.000000"/>
</iter>
<iter>
<if>
<branch type="IF" condition="$i &lt;= 3">
<kw name="Log To Console" owner="BuiltIn">
<arg>Low ${i}</arg>
<doc>Logs the given message to the console.</doc>
<status status="PASS" start="2024-04-03T09:33:29.196066" elapsed="0.000000"/>
</kw>
<status status="PASS" start="2024-04-03T09:33:29.196066" elapsed="0.000000"/>
</branch>
<branch type="ELSE IF" condition="$i &gt; 3 and $i &lt;7">
<kw name="Log To Console" owner="BuiltIn">
<arg>Medium ${i}</arg>
<doc>Logs the given message to the console.</doc>
<status status="NOT RUN" start="2024-04-03T09:33:29.196066" elapsed="0.000000"/>
</kw>
<status status="NOT RUN" start="2024-04-03T09:33:29.196066" elapsed="0.000000"/>
</branch>
<branch type="ELSE">
<kw name="Log To Console" owner="BuiltIn">
<arg>High ${i}</arg>
<doc>Logs the given message to the console.</doc>
<status status="NOT RUN" start="2024-04-03T09:33:29.196066" elapsed="0.000000"/>
</kw>
<status status="NOT RUN" start="2024-04-03T09:33:29.196066" elapsed="0.000000"/>
</branch>
<status status="PASS" start="2024-04-03T09:33:29.196066" elapsed="0.000000"/>
</if>
<var name="${i}">1</var>
<status status="PASS" start="2024-04-03T09:33:29.196066" elapsed="0.000000"/>
</iter>
<iter>
<if>
<branch type="IF" condition="$i &lt;= 3">
<kw name="Log To Console" owner="BuiltIn">
<arg>Low ${i}</arg>
<doc>Logs the given message to the console.</doc>
<status status="PASS" start="2024-04-03T09:33:29.196066" elapsed="0.000000"/>
</kw>
<status status="PASS" start="2024-04-03T09:33:29.196066" elapsed="0.000000"/>
</branch>
<branch type="ELSE IF" condition="$i &gt; 3 and $i &lt;7">
<kw name="Log To Console" owner="BuiltIn">
<arg>Medium ${i}</arg>
<doc>Logs the given message to the console.</doc>
<status status="NOT RUN" start="2024-04-03T09:33:29.196066" elapsed="0.000000"/>
</kw>
<status status="NOT RUN" start="2024-04-03T09:33:29.196066" elapsed="0.000000"/>
</branch>
<branch type="ELSE">
<kw name="Log To Console" owner="BuiltIn">
<arg>High ${i}</arg>
<doc>Logs the given message to the console.</doc>
<status status="NOT RUN" start="2024-04-03T09:33:29.200702" elapsed="0.000000"/>
</kw>
<status status="NOT RUN" start="2024-04-03T09:33:29.196066" elapsed="0.004636"/>
</branch>
<status status="PASS" start="2024-04-03T09:33:29.196066" elapsed="0.004636"/>
</if>
<var name="${i}">2</var>
<status status="PASS" start="2024-04-03T09:33:29.196066" elapsed="0.004636"/>
</iter>
<iter>
<if>
<branch type="IF" condition="$i &lt;= 3">
<kw name="Log To Console" owner="BuiltIn">
<arg>Low ${i}</arg>
<doc>Logs the given message to the console.</doc>
<status status="PASS" start="2024-04-03T09:33:29.200702" elapsed="0.000000"/>
</kw>
<status status="PASS" start="2024-04-03T09:33:29.200702" elapsed="0.000000"/>
</branch>
<branch type="ELSE IF" condition="$i &gt; 3 and $i &lt;7">
<kw name="Log To Console" owner="BuiltIn">
<arg>Medium ${i}</arg>
<doc>Logs the given message to the console.</doc>
<status status="NOT RUN" start="2024-04-03T09:33:29.200702" elapsed="0.000000"/>
</kw>
<status status="NOT RUN" start="2024-04-03T09:33:29.200702" elapsed="0.000000"/>
</branch>
<branch type="ELSE">
<kw name="Log To Console" owner="BuiltIn">
<arg>High ${i}</arg>
<doc>Logs the given message to the console.</doc>
<status status="NOT RUN" start="2024-04-03T09:33:29.200702" elapsed="0.000000"/>
</kw>
<status status="NOT RUN" start="2024-04-03T09:33:29.200702" elapsed="0.000000"/>
</branch>
<status status="PASS" start="2024-04-03T09:33:29.200702" elapsed="0.000000"/>
</if>
<var name="${i}">3</var>
<status status="PASS" start="2024-04-03T09:33:29.200702" elapsed="0.000000"/>
</iter>
<iter>
<if>
<branch type="IF" condition="$i &lt;= 3">
<kw name="Log To Console" owner="BuiltIn">
<arg>Low ${i}</arg>
<doc>Logs the given message to the console.</doc>
<status status="NOT RUN" start="2024-04-03T09:33:29.200702" elapsed="0.000000"/>
</kw>
<status status="NOT RUN" start="2024-04-03T09:33:29.200702" elapsed="0.000000"/>
</branch>
<branch type="ELSE IF" condition="$i &gt; 3 and $i &lt;7">
<kw name="Log To Console" owner="BuiltIn">
<arg>Medium ${i}</arg>
<doc>Logs the given message to the console.</doc>
<status status="PASS" start="2024-04-03T09:33:29.200702" elapsed="0.000000"/>
</kw>
<status status="PASS" start="2024-04-03T09:33:29.200702" elapsed="0.000000"/>
</branch>
<branch type="ELSE">
<kw name="Log To Console" owner="BuiltIn">
<arg>High ${i}</arg>
<doc>Logs the given message to the console.</doc>
<status status="NOT RUN" start="2024-04-03T09:33:29.200702" elapsed="0.000000"/>
</kw>
<status status="NOT RUN" start="2024-04-03T09:33:29.200702" elapsed="0.000000"/>
</branch>
<status status="PASS" start="2024-04-03T09:33:29.200702" elapsed="0.000000"/>
</if>
<var name="${i}">4</var>
<status status="PASS" start="2024-04-03T09:33:29.200702" elapsed="0.000000"/>
</iter>
<iter>
<if>
<branch type="IF" condition="$i &lt;= 3">
<kw name="Log To Console" owner="BuiltIn">
<arg>Low ${i}</arg>
<doc>Logs the given message to the console.</doc>
<status status="NOT RUN" start="2024-04-03T09:33:29.200702" elapsed="0.000000"/>
</kw>
<status status="NOT RUN" start="2024-04-03T09:33:29.200702" elapsed="0.000000"/>
</branch>
<branch type="ELSE IF" condition="$i &gt; 3 and $i &lt;7">
<kw name="Log To Console" owner="BuiltIn">
<arg>Medium ${i}</arg>
<doc>Logs the given message to the console.</doc>
<status status="PASS" start="2024-04-03T09:33:29.208841" elapsed="0.000000"/>
</kw>
<status status="PASS" start="2024-04-03T09:33:29.200702" elapsed="0.008139"/>
</branch>
<branch type="ELSE">
<kw name="Log To Console" owner="BuiltIn">
<arg>High ${i}</arg>
<doc>Logs the given message to the console.</doc>
<status status="NOT RUN" start="2024-04-03T09:33:29.208841" elapsed="0.000000"/>
</kw>
<status status="NOT RUN" start="2024-04-03T09:33:29.208841" elapsed="0.000000"/>
</branch>
<status status="PASS" start="2024-04-03T09:33:29.200702" elapsed="0.008139"/>
</if>
<var name="${i}">5</var>
<status status="PASS" start="2024-04-03T09:33:29.200702" elapsed="0.008139"/>
</iter>
<iter>
<if>
<branch type="IF" condition="$i &lt;= 3">
<kw name="Log To Console" owner="BuiltIn">
<arg>Low ${i}</arg>
<doc>Logs the given message to the console.</doc>
<status status="NOT RUN" start="2024-04-03T09:33:29.208841" elapsed="0.000000"/>
</kw>
<status status="NOT RUN" start="2024-04-03T09:33:29.208841" elapsed="0.000000"/>
</branch>
<branch type="ELSE IF" condition="$i &gt; 3 and $i &lt;7">
<kw name="Log To Console" owner="BuiltIn">
<arg>Medium ${i}</arg>
<doc>Logs the given message to the console.</doc>
<status status="PASS" start="2024-04-03T09:33:29.208841" elapsed="0.000000"/>
</kw>
<status status="PASS" start="2024-04-03T09:33:29.208841" elapsed="0.000000"/>
</branch>
<branch type="ELSE">
<kw name="Log To Console" owner="BuiltIn">
<arg>High ${i}</arg>
<doc>Logs the given message to the console.</doc>
<status status="NOT RUN" start="2024-04-03T09:33:29.210893" elapsed="0.000000"/>
</kw>
<status status="NOT RUN" start="2024-04-03T09:33:29.208841" elapsed="0.002052"/>
</branch>
<status status="PASS" start="2024-04-03T09:33:29.208841" elapsed="0.002052"/>
</if>
<var name="${i}">6</var>
<status status="PASS" start="2024-04-03T09:33:29.208841" elapsed="0.002052"/>
</iter>
<iter>
<if>
<branch type="IF" condition="$i &lt;= 3">
<kw name="Log To Console" owner="BuiltIn">
<arg>Low ${i}</arg>
<doc>Logs the given message to the console.</doc>
<status status="NOT RUN" start="2024-04-03T09:33:29.211266" elapsed="0.000000"/>
</kw>
<status status="NOT RUN" start="2024-04-03T09:33:29.211266" elapsed="0.000000"/>
</branch>
<branch type="ELSE IF" condition="$i &gt; 3 and $i &lt;7">
<kw name="Log To Console" owner="BuiltIn">
<arg>Medium ${i}</arg>
<doc>Logs the given message to the console.</doc>
<status status="NOT RUN" start="2024-04-03T09:33:29.211266" elapsed="0.000000"/>
</kw>
<status status="NOT RUN" start="2024-04-03T09:33:29.211266" elapsed="0.000000"/>
</branch>
<branch type="ELSE">
<kw name="Log To Console" owner="BuiltIn">
<arg>High ${i}</arg>
<doc>Logs the given message to the console.</doc>
<status status="PASS" start="2024-04-03T09:33:29.211266" elapsed="0.000000"/>
</kw>
<status status="PASS" start="2024-04-03T09:33:29.211266" elapsed="0.000000"/>
</branch>
<status status="PASS" start="2024-04-03T09:33:29.211266" elapsed="0.000000"/>
</if>
<var name="${i}">7</var>
<status status="PASS" start="2024-04-03T09:33:29.210893" elapsed="0.000373"/>
</iter>
<iter>
<if>
<branch type="IF" condition="$i &lt;= 3">
<kw name="Log To Console" owner="BuiltIn">
<arg>Low ${i}</arg>
<doc>Logs the given message to the console.</doc>
<status status="NOT RUN" start="2024-04-03T09:33:29.211266" elapsed="0.000000"/>
</kw>
<status status="NOT RUN" start="2024-04-03T09:33:29.211266" elapsed="0.000000"/>
</branch>
<branch type="ELSE IF" condition="$i &gt; 3 and $i &lt;7">
<kw name="Log To Console" owner="BuiltIn">
<arg>Medium ${i}</arg>
<doc>Logs the given message to the console.</doc>
<status status="NOT RUN" start="2024-04-03T09:33:29.211266" elapsed="0.000000"/>
</kw>
<status status="NOT RUN" start="2024-04-03T09:33:29.211266" elapsed="0.000000"/>
</branch>
<branch type="ELSE">
<kw name="Log To Console" owner="BuiltIn">
<arg>High ${i}</arg>
<doc>Logs the given message to the console.</doc>
<status status="PASS" start="2024-04-03T09:33:29.211266" elapsed="0.000000"/>
</kw>
<status status="PASS" start="2024-04-03T09:33:29.211266" elapsed="0.000000"/>
</branch>
<status status="PASS" start="2024-04-03T09:33:29.211266" elapsed="0.000000"/>
</if>
<var name="${i}">8</var>
<status status="PASS" start="2024-04-03T09:33:29.211266" elapsed="0.000000"/>
</iter>
<iter>
<if>
<branch type="IF" condition="$i &lt;= 3">
<kw name="Log To Console" owner="BuiltIn">
<arg>Low ${i}</arg>
<doc>Logs the given message to the console.</doc>
<status status="NOT RUN" start="2024-04-03T09:33:29.211266" elapsed="0.000000"/>
</kw>
<status status="NOT RUN" start="2024-04-03T09:33:29.211266" elapsed="0.000000"/>
</branch>
<branch type="ELSE IF" condition="$i &gt; 3 and $i &lt;7">
<kw name="Log To Console" owner="BuiltIn">
<arg>Medium ${i}</arg>
<doc>Logs the given message to the console.</doc>
<status status="NOT RUN" start="2024-04-03T09:33:29.211266" elapsed="0.000000"/>
</kw>
<status status="NOT RUN" start="2024-04-03T09:33:29.211266" elapsed="0.000000"/>
</branch>
<branch type="ELSE">
<kw name="Log To Console" owner="BuiltIn">
<arg>High ${i}</arg>
<doc>Logs the given message to the console.</doc>
<status status="PASS" start="2024-04-03T09:33:29.211266" elapsed="0.000000"/>
</kw>
<status status="PASS" start="2024-04-03T09:33:29.211266" elapsed="0.000000"/>
</branch>
<status status="PASS" start="2024-04-03T09:33:29.211266" elapsed="0.000000"/>
</if>
<var name="${i}">9</var>
<status status="PASS" start="2024-04-03T09:33:29.211266" elapsed="0.000000"/>
</iter>
<var>${i}</var>
<value>10</value>
<status status="PASS" start="2024-04-03T09:33:29.196066" elapsed="0.015200"/>
</for>
<var name="${i}">5</var>
<status status="PASS" start="2024-04-03T09:33:29.196066" elapsed="0.015200"/>
</iter>
<iter>
<for flavor="IN RANGE">
<iter>
<if>
<branch type="IF" condition="$i &lt;= 3">
<kw name="Log To Console" owner="BuiltIn">
<arg>Low ${i}</arg>
<doc>Logs the given message to the console.</doc>
<status status="PASS" start="2024-04-03T09:33:29.211266" elapsed="0.000000"/>
</kw>
<status status="PASS" start="2024-04-03T09:33:29.211266" elapsed="0.000000"/>
</branch>
<branch type="ELSE IF" condition="$i &gt; 3 and $i &lt;7">
<kw name="Log To Console" owner="BuiltIn">
<arg>Medium ${i}</arg>
<doc>Logs the given message to the console.</doc>
<status status="NOT RUN" start="2024-04-03T09:33:29.216094" elapsed="0.000000"/>
</kw>
<status status="NOT RUN" start="2024-04-03T09:33:29.211266" elapsed="0.004828"/>
</branch>
<branch type="ELSE">
<kw name="Log To Console" owner="BuiltIn">
<arg>High ${i}</arg>
<doc>Logs the given message to the console.</doc>
<status status="NOT RUN" start="2024-04-03T09:33:29.216094" elapsed="0.000000"/>
</kw>
<status status="NOT RUN" start="2024-04-03T09:33:29.216094" elapsed="0.000000"/>
</branch>
<status status="PASS" start="2024-04-03T09:33:29.211266" elapsed="0.004828"/>
</if>
<var name="${i}">0</var>
<status status="PASS" start="2024-04-03T09:33:29.211266" elapsed="0.004828"/>
</iter>
<iter>
<if>
<branch type="IF" condition="$i &lt;= 3">
<kw name="Log To Console" owner="BuiltIn">
<arg>Low ${i}</arg>
<doc>Logs the given message to the console.</doc>
<status status="PASS" start="2024-04-03T09:33:29.217232" elapsed="0.000000"/>
</kw>
<status status="PASS" start="2024-04-03T09:33:29.217232" elapsed="0.000000"/>
</branch>
<branch type="ELSE IF" condition="$i &gt; 3 and $i &lt;7">
<kw name="Log To Console" owner="BuiltIn">
<arg>Medium ${i}</arg>
<doc>Logs the given message to the console.</doc>
<status status="NOT RUN" start="2024-04-03T09:33:29.217232" elapsed="0.000000"/>
</kw>
<status status="NOT RUN" start="2024-04-03T09:33:29.217232" elapsed="0.000000"/>
</branch>
<branch type="ELSE">
<kw name="Log To Console" owner="BuiltIn">
<arg>High ${i}</arg>
<doc>Logs the given message to the console.</doc>
<status status="NOT RUN" start="2024-04-03T09:33:29.217232" elapsed="0.000000"/>
</kw>
<status status="NOT RUN" start="2024-04-03T09:33:29.217232" elapsed="0.000000"/>
</branch>
<status status="PASS" start="2024-04-03T09:33:29.217232" elapsed="0.000000"/>
</if>
<var name="${i}">1</var>
<status status="PASS" start="2024-04-03T09:33:29.217232" elapsed="0.000000"/>
</iter>
<iter>
<if>
<branch type="IF" condition="$i &lt;= 3">
<kw name="Log To Console" owner="BuiltIn">
<arg>Low ${i}</arg>
<doc>Logs the given message to the console.</doc>
<status status="PASS" start="2024-04-03T09:33:29.217232" elapsed="0.000000"/>
</kw>
<status status="PASS" start="2024-04-03T09:33:29.217232" elapsed="0.000000"/>
</branch>
<branch type="ELSE IF" condition="$i &gt; 3 and $i &lt;7">
<kw name="Log To Console" owner="BuiltIn">
<arg>Medium ${i}</arg>
<doc>Logs the given message to the console.</doc>
<status status="NOT RUN" start="2024-04-03T09:33:29.217232" elapsed="0.000000"/>
</kw>
<status status="NOT RUN" start="2024-04-03T09:33:29.217232" elapsed="0.000000"/>
</branch>
<branch type="ELSE">
<kw name="Log To Console" owner="BuiltIn">
<arg>High ${i}</arg>
<doc>Logs the given message to the console.</doc>
<status status="NOT RUN" start="2024-04-03T09:33:29.217232" elapsed="0.000000"/>
</kw>
<status status="NOT RUN" start="2024-04-03T09:33:29.217232" elapsed="0.000000"/>
</branch>
<status status="PASS" start="2024-04-03T09:33:29.217232" elapsed="0.000000"/>
</if>
<var name="${i}">2</var>
<status status="PASS" start="2024-04-03T09:33:29.217232" elapsed="0.000000"/>
</iter>
<iter>
<if>
<branch type="IF" condition="$i &lt;= 3">
<kw name="Log To Console" owner="BuiltIn">
<arg>Low ${i}</arg>
<doc>Logs the given message to the console.</doc>
<status status="PASS" start="2024-04-03T09:33:29.217232" elapsed="0.000000"/>
</kw>
<status status="PASS" start="2024-04-03T09:33:29.217232" elapsed="0.008405"/>
</branch>
<branch type="ELSE IF" condition="$i &gt; 3 and $i &lt;7">
<kw name="Log To Console" owner="BuiltIn">
<arg>Medium ${i}</arg>
<doc>Logs the given message to the console.</doc>
<status status="NOT RUN" start="2024-04-03T09:33:29.225637" elapsed="0.000000"/>
</kw>
<status status="NOT RUN" start="2024-04-03T09:33:29.225637" elapsed="0.000000"/>
</branch>
<branch type="ELSE">
<kw name="Log To Console" owner="BuiltIn">
<arg>High ${i}</arg>
<doc>Logs the given message to the console.</doc>
<status status="NOT RUN" start="2024-04-03T09:33:29.225637" elapsed="0.000000"/>
</kw>
<status status="NOT RUN" start="2024-04-03T09:33:29.225637" elapsed="0.000000"/>
</branch>
<status status="PASS" start="2024-04-03T09:33:29.217232" elapsed="0.008405"/>
</if>
<var name="${i}">3</var>
<status status="PASS" start="2024-04-03T09:33:29.217232" elapsed="0.008405"/>
</iter>
<iter>
<if>
<branch type="IF" condition="$i &lt;= 3">
<kw name="Log To Console" owner="BuiltIn">
<arg>Low ${i}</arg>
<doc>Logs the given message to the console.</doc>
<status status="NOT RUN" start="2024-04-03T09:33:29.225637" elapsed="0.000000"/>
</kw>
[...]
</kw>
<status status="NOT RUN" start="2024-04-03T09:33:29.260043" elapsed="0.000000"/>
</branch>
<branch type="ELSE IF" condition="$i &gt; 3 and $i &lt;7">
<kw name="Log To Console" owner="BuiltIn">
<arg>Medium ${i}</arg>
<doc>Logs the given message to the console.</doc>
<status status="PASS" start="2024-04-03T09:33:29.260043" elapsed="0.000000"/>
</kw>
<status status="PASS" start="2024-04-03T09:33:29.260043" elapsed="0.000000"/>
</branch>
<branch type="ELSE">
<kw name="Log To Console" owner="BuiltIn">
<arg>High ${i}</arg>
<doc>Logs the given message to the console.</doc>
<status status="NOT RUN" start="2024-04-03T09:33:29.260043" elapsed="0.000000"/>
</kw>
<status status="NOT RUN" start="2024-04-03T09:33:29.260043" elapsed="0.005117"/>
</branch>
<status status="PASS" start="2024-04-03T09:33:29.260043" elapsed="0.005117"/>
</if>
<var name="${i}">4</var>
<status status="PASS" start="2024-04-03T09:33:29.260043" elapsed="0.005117"/>
</iter>
<iter>
<if>
<branch type="IF" condition="$i &lt;= 3">
<kw name="Log To Console" owner="BuiltIn">
<arg>Low ${i}</arg>
<doc>Logs the given message to the console.</doc>
<status status="NOT RUN" start="2024-04-03T09:33:29.265160" elapsed="0.000000"/>
</kw>
<status status="NOT RUN" start="2024-04-03T09:33:29.265160" elapsed="0.000000"/>
</branch>
<branch type="ELSE IF" condition="$i &gt; 3 and $i &lt;7">
<kw name="Log To Console" owner="BuiltIn">
<arg>Medium ${i}</arg>
<doc>Logs the given message to the console.</doc>
<status status="PASS" start="2024-04-03T09:33:29.265160" elapsed="0.001544"/>
</kw>
<status status="PASS" start="2024-04-03T09:33:29.265160" elapsed="0.001544"/>
</branch>
<branch type="ELSE">
<kw name="Log To Console" owner="BuiltIn">
<arg>High ${i}</arg>
<doc>Logs the given message to the console.</doc>
<status status="NOT RUN" start="2024-04-03T09:33:29.266704" elapsed="0.000000"/>
</kw>
<status status="NOT RUN" start="2024-04-03T09:33:29.266704" elapsed="0.000575"/>
</branch>
<status status="PASS" start="2024-04-03T09:33:29.265160" elapsed="0.002119"/>
</if>
<var name="${i}">5</var>
<status status="PASS" start="2024-04-03T09:33:29.265160" elapsed="0.002119"/>
</iter>
<iter>
<if>
<branch type="IF" condition="$i &lt;= 3">
<kw name="Log To Console" owner="BuiltIn">
<arg>Low ${i}</arg>
<doc>Logs the given message to the console.</doc>
<status status="NOT RUN" start="2024-04-03T09:33:29.267279" elapsed="0.000000"/>
</kw>
<status status="NOT RUN" start="2024-04-03T09:33:29.267279" elapsed="0.000000"/>
</branch>
<branch type="ELSE IF" condition="$i &gt; 3 and $i &lt;7">
<kw name="Log To Console" owner="BuiltIn">
<arg>Medium ${i}</arg>
<doc>Logs the given message to the console.</doc>
<status status="PASS" start="2024-04-03T09:33:29.267279" elapsed="0.000000"/>
</kw>
<status status="PASS" start="2024-04-03T09:33:29.267279" elapsed="0.000000"/>
</branch>
<branch type="ELSE">
<kw name="Log To Console" owner="BuiltIn">
<arg>High ${i}</arg>
<doc>Logs the given message to the console.</doc>
<status status="NOT RUN" start="2024-04-03T09:33:29.267279" elapsed="0.000000"/>
</kw>
<status status="NOT RUN" start="2024-04-03T09:33:29.267279" elapsed="0.000000"/>
</branch>
<status status="PASS" start="2024-04-03T09:33:29.267279" elapsed="0.000000"/>
</if>
<var name="${i}">6</var>
<status status="PASS" start="2024-04-03T09:33:29.267279" elapsed="0.000000"/>
</iter>
<iter>
<if>
<branch type="IF" condition="$i &lt;= 3">
<kw name="Log To Console" owner="BuiltIn">
<arg>Low ${i}</arg>
<doc>Logs the given message to the console.</doc>
<status status="NOT RUN" start="2024-04-03T09:33:29.267279" elapsed="0.000000"/>
</kw>
<status status="NOT RUN" start="2024-04-03T09:33:29.267279" elapsed="0.000000"/>
</branch>
<branch type="ELSE IF" condition="$i &gt; 3 and $i &lt;7">
<kw name="Log To Console" owner="BuiltIn">
<arg>Medium ${i}</arg>
<doc>Logs the given message to the console.</doc>
<status status="NOT RUN" start="2024-04-03T09:33:29.267279" elapsed="0.000000"/>
</kw>
<status status="NOT RUN" start="2024-04-03T09:33:29.267279" elapsed="0.000000"/>
</branch>
<branch type="ELSE">
<kw name="Log To Console" owner="BuiltIn">
<arg>High ${i}</arg>
<doc>Logs the given message to the console.</doc>
<status status="PASS" start="2024-04-03T09:33:29.267279" elapsed="0.000000"/>
</kw>
<status status="PASS" start="2024-04-03T09:33:29.267279" elapsed="0.007565"/>
</branch>
<status status="PASS" start="2024-04-03T09:33:29.267279" elapsed="0.007565"/>
</if>
<var name="${i}">7</var>
<status status="PASS" start="2024-04-03T09:33:29.267279" elapsed="0.007565"/>
</iter>
<iter>
<if>
<branch type="IF" condition="$i &lt;= 3">
<kw name="Log To Console" owner="BuiltIn">
<arg>Low ${i}</arg>
<doc>Logs the given message to the console.</doc>
<status status="NOT RUN" start="2024-04-03T09:33:29.274844" elapsed="0.000000"/>
</kw>
<status status="NOT RUN" start="2024-04-03T09:33:29.274844" elapsed="0.000000"/>
</branch>
<branch type="ELSE IF" condition="$i &gt; 3 and $i &lt;7">
<kw name="Log To Console" owner="BuiltIn">
<arg>Medium ${i}</arg>
<doc>Logs the given message to the console.</doc>
<status status="NOT RUN" start="2024-04-03T09:33:29.274844" elapsed="0.000000"/>
</kw>
<status status="NOT RUN" start="2024-04-03T09:33:29.274844" elapsed="0.000000"/>
</branch>
<branch type="ELSE">
<kw name="Log To Console" owner="BuiltIn">
<arg>High ${i}</arg>
<doc>Logs the given message to the console.</doc>
<status status="PASS" start="2024-04-03T09:33:29.274844" elapsed="0.000000"/>
</kw>
<status status="PASS" start="2024-04-03T09:33:29.274844" elapsed="0.000000"/>
</branch>
<status status="PASS" start="2024-04-03T09:33:29.274844" elapsed="0.000000"/>
</if>
<var name="${i}">8</var>
<status status="PASS" start="2024-04-03T09:33:29.274844" elapsed="0.000000"/>
</iter>
<iter>
<if>
<branch type="IF" condition="$i &lt;= 3">
<kw name="Log To Console" owner="BuiltIn">
<arg>Low ${i}</arg>
<doc>Logs the given message to the console.</doc>
<status status="NOT RUN" start="2024-04-03T09:33:29.274844" elapsed="0.000000"/>
</kw>
<status status="NOT RUN" start="2024-04-03T09:33:29.274844" elapsed="0.000000"/>
</branch>
<branch type="ELSE IF" condition="$i &gt; 3 and $i &lt;7">
<kw name="Log To Console" owner="BuiltIn">
<arg>Medium ${i}</arg>
<doc>Logs the given message to the console.</doc>
<status status="NOT RUN" start="2024-04-03T09:33:29.274844" elapsed="0.000000"/>
</kw>
<status status="NOT RUN" start="2024-04-03T09:33:29.274844" elapsed="0.000000"/>
</branch>
<branch type="ELSE">
<kw name="Log To Console" owner="BuiltIn">
<arg>High ${i}</arg>
<doc>Logs the given message to the console.</doc>
<status status="PASS" start="2024-04-03T09:33:29.274844" elapsed="0.000000"/>
</kw>
<status status="PASS" start="2024-04-03T09:33:29.274844" elapsed="0.000000"/>
</branch>
<status status="PASS" start="2024-04-03T09:33:29.274844" elapsed="0.000000"/>
</if>
<var name="${i}">9</var>
<status status="PASS" start="2024-04-03T09:33:29.274844" elapsed="0.000000"/>
</iter>
<var>${i}</var>
<value>10</value>
<status status="PASS" start="2024-04-03T09:33:29.250680" elapsed="0.027133"/>
</for>
<var name="${i}">8</var>
<status status="PASS" start="2024-04-03T09:33:29.250680" elapsed="0.027133"/>
</iter>
<iter>
<for flavor="IN RANGE">
<iter>
<if>
<branch type="IF" condition="$i &lt;= 3">
<kw name="Log To Console" owner="BuiltIn">
<arg>Low ${i}</arg>
<doc>Logs the given message to the console.</doc>
<status status="PASS" start="2024-04-03T09:33:29.278265" elapsed="0.000000"/>
</kw>
<status status="PASS" start="2024-04-03T09:33:29.278265" elapsed="0.000000"/>
</branch>
<branch type="ELSE IF" condition="$i &gt; 3 and $i &lt;7">
<kw name="Log To Console" owner="BuiltIn">
<arg>Medium ${i}</arg>
<doc>Logs the given message to the console.</doc>
<status status="NOT RUN" start="2024-04-03T09:33:29.278265" elapsed="0.000000"/>
</kw>
<status status="NOT RUN" start="2024-04-03T09:33:29.278265" elapsed="0.000000"/>
</branch>
<branch type="ELSE">
<kw name="Log To Console" owner="BuiltIn">
<arg>High ${i}</arg>
<doc>Logs the given message to the console.</doc>
<status status="NOT RUN" start="2024-04-03T09:33:29.278265" elapsed="0.000000"/>
</kw>
<status status="NOT RUN" start="2024-04-03T09:33:29.278265" elapsed="0.000000"/>
</branch>
<status status="PASS" start="2024-04-03T09:33:29.278265" elapsed="0.000000"/>
</if>
<var name="${i}">0</var>
<status status="PASS" start="2024-04-03T09:33:29.278265" elapsed="0.000000"/>
</iter>
<iter>
<if>
<branch type="IF" condition="$i &lt;= 3">
<kw name="Log To Console" owner="BuiltIn">
<arg>Low ${i}</arg>
<doc>Logs the given message to the console.</doc>
<status status="PASS" start="2024-04-03T09:33:29.278265" elapsed="0.000000"/>
</kw>
<status status="PASS" start="2024-04-03T09:33:29.278265" elapsed="0.000000"/>
</branch>
<branch type="ELSE IF" condition="$i &gt; 3 and $i &lt;7">
<kw name="Log To Console" owner="BuiltIn">
<arg>Medium ${i}</arg>
<doc>Logs the given message to the console.</doc>
<status status="NOT RUN" start="2024-04-03T09:33:29.278265" elapsed="0.000000"/>
</kw>
<status status="NOT RUN" start="2024-04-03T09:33:29.278265" elapsed="0.000000"/>
</branch>
<branch type="ELSE">
<kw name="Log To Console" owner="BuiltIn">
<arg>High ${i}</arg>
<doc>Logs the given message to the console.</doc>
<status status="NOT RUN" start="2024-04-03T09:33:29.278265" elapsed="0.000000"/>
</kw>
<status status="NOT RUN" start="2024-04-03T09:33:29.278265" elapsed="0.000000"/>
</branch>
<status status="PASS" start="2024-04-03T09:33:29.278265" elapsed="0.000000"/>
</if>
<var name="${i}">1</var>
<status status="PASS" start="2024-04-03T09:33:29.278265" elapsed="0.000000"/>
</iter>
<iter>
<if>
<branch type="IF" condition="$i &lt;= 3">
<kw name="Log To Console" owner="BuiltIn">
<arg>Low ${i}</arg>
<doc>Logs the given message to the console.</doc>
<status status="PASS" start="2024-04-03T09:33:29.278265" elapsed="0.000000"/>
</kw>
<status status="PASS" start="2024-04-03T09:33:29.278265" elapsed="0.000000"/>
</branch>
<branch type="ELSE IF" condition="$i &gt; 3 and $i &lt;7">
<kw name="Log To Console" owner="BuiltIn">
<arg>Medium ${i}</arg>
<doc>Logs the given message to the console.</doc>
<status status="NOT RUN" start="2024-04-03T09:33:29.278265" elapsed="0.000000"/>
</kw>
<status status="NOT RUN" start="2024-04-03T09:33:29.278265" elapsed="0.000000"/>
</branch>
<branch type="ELSE">
<kw name="Log To Console" owner="BuiltIn">
<arg>High ${i}</arg>
<doc>Logs the given message to the console.</doc>
<status status="NOT RUN" start="2024-04-03T09:33:29.278265" elapsed="0.000000"/>
</kw>
<status status="NOT RUN" start="2024-04-03T09:33:29.278265" elapsed="0.000000"/>
</branch>
<status status="PASS" start="2024-04-03T09:33:29.278265" elapsed="0.000000"/>
</if>
<var name="${i}">2</var>
<status status="PASS" start="2024-04-03T09:33:29.278265" elapsed="0.000000"/>
</iter>
<iter>
<if>
<branch type="IF" condition="$i &lt;= 3">
<kw name="Log To Console" owner="BuiltIn">
<arg>Low ${i}</arg>
<doc>Logs the given message to the console.</doc>
<status status="PASS" start="2024-04-03T09:33:29.278265" elapsed="0.000000"/>
</kw>
<status status="PASS" start="2024-04-03T09:33:29.278265" elapsed="0.000000"/>
</branch>
<branch type="ELSE IF" condition="$i &gt; 3 and $i &lt;7">
<kw name="Log To Console" owner="BuiltIn">
<arg>Medium ${i}</arg>
<doc>Logs the given message to the console.</doc>
<status status="NOT RUN" start="2024-04-03T09:33:29.278265" elapsed="0.000000"/>
</kw>
<status status="NOT RUN" start="2024-04-03T09:33:29.278265" elapsed="0.000000"/>
</branch>
<branch type="ELSE">
<kw name="Log To Console" owner="BuiltIn">
<arg>High ${i}</arg>
<doc>Logs the given message to the console.</doc>
<status status="NOT RUN" start="2024-04-03T09:33:29.278265" elapsed="0.000000"/>
</kw>
<status status="NOT RUN" start="2024-04-03T09:33:29.278265" elapsed="0.000000"/>
</branch>
<status status="PASS" start="2024-04-03T09:33:29.278265" elapsed="0.000000"/>
</if>
<var name="${i}">3</var>
<status status="PASS" start="2024-04-03T09:33:29.278265" elapsed="0.000000"/>
</iter>
<iter>
<if>
<branch type="IF" condition="$i &lt;= 3">
<kw name="Log To Console" owner="BuiltIn">
<arg>Low ${i}</arg>
<doc>Logs the given message to the console.</doc>
<status status="NOT RUN" start="2024-04-03T09:33:29.278265" elapsed="0.000000"/>
</kw>
<status status="NOT RUN" start="2024-04-03T09:33:29.278265" elapsed="0.000000"/>
</branch>
<branch type="ELSE IF" condition="$i &gt; 3 and $i &lt;7">
<kw name="Log To Console" owner="BuiltIn">
<arg>Medium ${i}</arg>
<doc>Logs the given message to the console.</doc>
<status status="PASS" start="2024-04-03T09:33:29.278265" elapsed="0.005643"/>
</kw>
<status status="PASS" start="2024-04-03T09:33:29.278265" elapsed="0.005643"/>
</branch>
<branch type="ELSE">
<kw name="Log To Console" owner="BuiltIn">
<arg>High ${i}</arg>
<doc>Logs the given message to the console.</doc>
<status status="NOT RUN" start="2024-04-03T09:33:29.283908" elapsed="0.000000"/>
</kw>
<status status="NOT RUN" start="2024-04-03T09:33:29.283908" elapsed="0.000000"/>
</branch>
<status status="PASS" start="2024-04-03T09:33:29.278265" elapsed="0.005643"/>
</if>
<var name="${i}">4</var>
<status status="PASS" start="2024-04-03T09:33:29.278265" elapsed="0.005643"/>
</iter>
<iter>
<if>
<branch type="IF" condition="$i &lt;= 3">
<kw name="Log To Console" owner="BuiltIn">
<arg>Low ${i}</arg>
<doc>Logs the given message to the console.</doc>
<status status="NOT RUN" start="2024-04-03T09:33:29.283908" elapsed="0.000000"/>
</kw>
<status status="NOT RUN" start="2024-04-03T09:33:29.283908" elapsed="0.000000"/>
</branch>
<branch type="ELSE IF" condition="$i &gt; 3 and $i &lt;7">
<kw name="Log To Console" owner="BuiltIn">
<arg>Medium ${i}</arg>
<doc>Logs the given message to the console.</doc>
<status status="PASS" start="2024-04-03T09:33:29.283908" elapsed="0.000000"/>
</kw>
<status status="PASS" start="2024-04-03T09:33:29.283908" elapsed="0.000000"/>
</branch>
<branch type="ELSE">
<kw name="Log To Console" owner="BuiltIn">
<arg>High ${i}</arg>
<doc>Logs the given message to the console.</doc>
<status status="NOT RUN" start="2024-04-03T09:33:29.283908" elapsed="0.000000"/>
</kw>
<status status="NOT RUN" start="2024-04-03T09:33:29.283908" elapsed="0.000000"/>
</branch>
<status status="PASS" start="2024-04-03T09:33:29.283908" elapsed="0.000000"/>
</if>
<var name="${i}">5</var>
<status status="PASS" start="2024-04-03T09:33:29.283908" elapsed="0.000000"/>
</iter>
<iter>
<if>
<branch type="IF" condition="$i &lt;= 3">
<kw name="Log To Console" owner="BuiltIn">
<arg>Low ${i}</arg>
<doc>Logs the given message to the console.</doc>
<status status="NOT RUN" start="2024-04-03T09:33:29.283908" elapsed="0.000000"/>
</kw>
<status status="NOT RUN" start="2024-04-03T09:33:29.283908" elapsed="0.000000"/>
</branch>
<branch type="ELSE IF" condition="$i &gt; 3 and $i &lt;7">
<kw name="Log To Console" owner="BuiltIn">
<arg>Medium ${i}</arg>
<doc>Logs the given message to the console.</doc>
<status status="PASS" start="2024-04-03T09:33:29.283908" elapsed="0.000000"/>
</kw>
<status status="PASS" start="2024-04-03T09:33:29.283908" elapsed="0.000000"/>
</branch>
<branch type="ELSE">
<kw name="Log To Console" owner="BuiltIn">
<arg>High ${i}</arg>
<doc>Logs the given message to the console.</doc>
<status status="NOT RUN" start="2024-04-03T09:33:29.283908" elapsed="0.000000"/>
</kw>
<status status="NOT RUN" start="2024-04-03T09:33:29.283908" elapsed="0.000000"/>
</branch>
<status status="PASS" start="2024-04-03T09:33:29.283908" elapsed="0.000000"/>
</if>
<var name="${i}">6</var>
<status status="PASS" start="2024-04-03T09:33:29.283908" elapsed="0.000000"/>
</iter>
<iter>
<if>
<branch type="IF" condition="$i &lt;= 3">
<kw name="Log To Console" owner="BuiltIn">
<arg>Low ${i}</arg>
<doc>Logs the given message to the console.</doc>
<status status="NOT RUN" start="2024-04-03T09:33:29.293286" elapsed="0.000000"/>
</kw>
<status status="NOT RUN" start="2024-04-03T09:33:29.293286" elapsed="0.000000"/>
</branch>
<branch type="ELSE IF" condition="$i &gt; 3 and $i &lt;7">
<kw name="Log To Console" owner="BuiltIn">
<arg>Medium ${i}</arg>
<doc>Logs the given message to the console.</doc>
<status status="NOT RUN" start="2024-04-03T09:33:29.293286" elapsed="0.000000"/>
</kw>
<status status="NOT RUN" start="2024-04-03T09:33:29.293286" elapsed="0.000000"/>
</branch>
<branch type="ELSE">
<kw name="Log To Console" owner="BuiltIn">
<arg>High ${i}</arg>
<doc>Logs the given message to the console.</doc>
<status status="PASS" start="2024-04-03T09:33:29.293286" elapsed="0.000000"/>
</kw>
<status status="PASS" start="2024-04-03T09:33:29.293286" elapsed="0.000000"/>
</branch>
<status status="PASS" start="2024-04-03T09:33:29.293286" elapsed="0.000000"/>
</if>
<var name="${i}">7</var>
<status status="PASS" start="2024-04-03T09:33:29.293286" elapsed="0.000000"/>
</iter>
<iter>
<if>
<branch type="IF" condition="$i &lt;= 3">
<kw name="Log To Console" owner="BuiltIn">
<arg>Low ${i}</arg>
<doc>Logs the given message to the console.</doc>
<status status="NOT RUN" start="2024-04-03T09:33:29.293286" elapsed="0.000000"/>
</kw>
<status status="NOT RUN" start="2024-04-03T09:33:29.293286" elapsed="0.000000"/>
</branch>
<branch type="ELSE IF" condition="$i &gt; 3 and $i &lt;7">
<kw name="Log To Console" owner="BuiltIn">
<arg>Medium ${i}</arg>
<doc>Logs the given message to the console.</doc>
<status status="NOT RUN" start="2024-04-03T09:33:29.293286" elapsed="0.000000"/>
</kw>
<status status="NOT RUN" start="2024-04-03T09:33:29.293286" elapsed="0.000000"/>
</branch>
<branch type="ELSE">
<kw name="Log To Console" owner="BuiltIn">
<arg>High ${i}</arg>
<doc>Logs the given message to the console.</doc>
<status status="PASS" start="2024-04-03T09:33:29.293286" elapsed="0.000000"/>
</kw>
<status status="PASS" start="2024-04-03T09:33:29.293286" elapsed="0.000000"/>
</branch>
<status status="PASS" start="2024-04-03T09:33:29.293286" elapsed="0.000000"/>
</if>
<var name="${i}">8</var>
<status status="PASS" start="2024-04-03T09:33:29.293286" elapsed="0.000000"/>
</iter>
<iter>
<if>
<branch type="IF" condition="$i &lt;= 3">
<kw name="Log To Console" owner="BuiltIn">
<arg>Low ${i}</arg>
<doc>Logs the given message to the console.</doc>
<status status="NOT RUN" start="2024-04-03T09:33:29.293286" elapsed="0.000000"/>
</kw>
<status status="NOT RUN" start="2024-04-03T09:33:29.293286" elapsed="0.000000"/>
</branch>
<branch type="ELSE IF" condition="$i &gt; 3 and $i &lt;7">
<kw name="Log To Console" owner="BuiltIn">
<arg>Medium ${i}</arg>
<doc>Logs the given message to the console.</doc>
<status status="NOT RUN" start="2024-04-03T09:33:29.293286" elapsed="0.000000"/>
</kw>
<status status="NOT RUN" start="2024-04-03T09:33:29.293286" elapsed="0.000000"/>
</branch>
<branch type="ELSE">
<kw name="Log To Console" owner="BuiltIn">
<arg>High ${i}</arg>
<doc>Logs the given message to the console.</doc>
<status status="PASS" start="2024-04-03T09:33:29.293286" elapsed="0.000000"/>
</kw>
<status status="PASS" start="2024-04-03T09:33:29.293286" elapsed="0.000000"/>
</branch>
<status status="PASS" start="2024-04-03T09:33:29.293286" elapsed="0.000000"/>
</if>
<var name="${i}">9</var>
<status status="PASS" start="2024-04-03T09:33:29.293286" elapsed="0.000000"/>
</iter>
<var>${i}</var>
<value>10</value>
<status status="PASS" start="2024-04-03T09:33:29.277813" elapsed="0.015473"/>
</for>
<var name="${i}">9</var>
<status status="PASS" start="2024-04-03T09:33:29.277813" elapsed="0.015473"/>
</iter>
<var>${i}</var>
<value>10</value>
<status status="PASS" start="2024-04-03T09:33:29.055158" elapsed="0.238128"/>
</for>
<status status="PASS" start="2024-04-03T09:33:29.055158" elapsed="0.238128"/>
</test>
<status status="PASS" start="2024-04-03T09:33:29.023384" elapsed="0.274526"/>
</suite>
<statistics>
<total>
<stat pass="2" fail="0" skip="0">All Tests</stat>
</total>
<tag>
</tag>
<suite>
<stat pass="2" fail="0" skip="0" id="s1" name="Statement Cond">Statement Cond</stat>
</suite>
</statistics>
<errors>
</errors>
</robot>
